<?xml version="1.0" ?><test_result><build server_id="to-be-filled-in-SDK" job_id="BDD" build_id="23"></build><test_runs><gherkin_test_run duration="0" name="Number 2" status="Skipped"><feature name="Number 2" path="src\test\resources\F1\Approve_35003.feature" started="1724860707278" tag=""><file>Feature: Number 2

	Scenario: Compare - &lt;nr&gt;
		Given compare &lt;param1&gt; and &lt;param2&gt;
		When greater
		Then thenGreater &lt;param1&gt; and &lt;param2&gt;
		And again &lt;param1&gt; and &lt;param2&gt;

    Examples:
        | nr  | param1 | param2 |
        | one   | 6      | 4      |
        | two   | 3      | 4      |
        | three | 4      | 4      |


</file><scenarios><scenario name="Compare - &lt;nr&gt;" status="Passed"><steps><step duration="0" name="Given compare 6 and 4" status="passed"></step><step duration="0" name="When greater" status="passed"></step><step duration="0" name="Then thenGreater 6 and 4" status="passed"></step><step duration="0" name="And again 6 and 4" status="passed"></step></steps></scenario><scenario name="Compare - &lt;nr&gt;" status="Skipped"><steps><step duration="0" name="Given compare 3 and 4" status="skipped"></step><step duration="0" name="When greater" status="skipped"></step><step duration="0" name="Then thenGreater 3 and 4" status="skipped"></step><step duration="0" name="And again 3 and 4" status="skipped"></step></steps></scenario><scenario name="Compare - &lt;nr&gt;" status="Failed"><steps><step duration="0" name="Given compare 4 and 4" status="passed"></step><step duration="0" name="When greater" status="passed"></step><step duration="0" name="Then thenGreater 4 and 4" status="passed"></step><step duration="0" name="And again 4 and 4" status="failed"><error_message>Given compare 4 and 4.......................................................passed
When greater................................................................passed
Then thenGreater 4 and 4....................................................passed
And again 4 and 4...........................................................failed

StackTrace:
java.lang.AssertionError
	at org.junit.Assert.fail(Assert.java:87)
	at org.junit.Assert.fail(Assert.java:96)
	at MyStepdefs.again(MyStepdefs.java:258)
	at âœ½.again 4 and 4(file:///C:/FirstAgentDebug/workspace/BDD/src/test/resources/F1/Approve_35003.feature:7)
</error_message></step></steps></scenario></scenarios></feature></gherkin_test_run></test_runs></test_result>
