<?xml version="1.0" encoding="UTF-8"?>
<robot generator="Robot 7.0 (Python 3.12.2 on win32)" generated="2024-05-28T11:05:43.776892" rpa="false" schemaversion="5">
<suite id="s1" name="Tests" source="C:\dev\RobotTest\tests">
<suite id="s1-s1" name="Nested Suite" source="C:\dev\RobotTest\tests\nested_suite">
<suite id="s1-s1-s1" name="SuiteC" source="C:\dev\RobotTest\tests\nested_suite\SuiteC.robot">
<test id="s1-s1-s1-t1" name="Test Case 1" line="12">
<kw name="Log" owner="BuiltIn">
<msg time="2024-05-28T11:05:43.799348" level="INFO">Test Case 1</msg>
<arg>Test Case 1</arg>
<doc>Logs the given message with the given level.</doc>
<status status="PASS" start="2024-05-28T11:05:43.799348" elapsed="0.000000"/>
</kw>
<kw name="Log" owner="BuiltIn">
<msg time="2024-05-28T11:05:43.799348" level="INFO">This is a global variable!</msg>
<arg>${GLOBAL_VAR1}</arg>
<doc>Logs the given message with the given level.</doc>
<status status="PASS" start="2024-05-28T11:05:43.799348" elapsed="0.000000"/>
</kw>
<kw name="Sleep" owner="BuiltIn">
<msg time="2024-05-28T11:05:46.799656" level="INFO">Slept 3 seconds.</msg>
<arg>3s</arg>
<doc>Pauses the test executed for the given time.</doc>
<status status="PASS" start="2024-05-28T11:05:43.799348" elapsed="3.000308"/>
</kw>
<doc>@TSCID1109: Verify login functionality</doc>
<tag>not ready</tag>
<tag>requirement: 42</tag>
<tag>smoke</tag>
<status status="PASS" start="2024-05-28T11:05:43.799348" elapsed="3.000841"/>
</test>
<test id="s1-s1-s1-t2" name="Test Case 2" line="19">
<kw name="Log" owner="BuiltIn">
<msg time="2024-05-28T11:05:46.801220" level="INFO">Test Case 2</msg>
<arg>Test Case 2</arg>
<doc>Logs the given message with the given level.</doc>
<status status="PASS" start="2024-05-28T11:05:46.801220" elapsed="0.000000"/>
</kw>
<kw name="Log Many" owner="BuiltIn">
<msg time="2024-05-28T11:05:46.801220" level="INFO">a</msg>
<msg time="2024-05-28T11:05:46.801220" level="INFO">b</msg>
<msg time="2024-05-28T11:05:46.801220" level="INFO">c</msg>
<msg time="2024-05-28T11:05:46.801220" level="INFO">d</msg>
<msg time="2024-05-28T11:05:46.801220" level="INFO">e</msg>
<msg time="2024-05-28T11:05:46.802220" level="INFO">f</msg>
<msg time="2024-05-28T11:05:46.802220" level="INFO">g</msg>
<msg time="2024-05-28T11:05:46.802220" level="INFO">h</msg>
<msg time="2024-05-28T11:05:46.802220" level="INFO">i</msg>
<msg time="2024-05-28T11:05:46.802220" level="INFO">j</msg>
<msg time="2024-05-28T11:05:46.802220" level="INFO">k</msg>
<msg time="2024-05-28T11:05:46.802220" level="INFO">l</msg>
<msg time="2024-05-28T11:05:46.802220" level="INFO">m</msg>
<msg time="2024-05-28T11:05:46.802220" level="INFO">n</msg>
<msg time="2024-05-28T11:05:46.802220" level="INFO">o</msg>
<msg time="2024-05-28T11:05:46.802220" level="INFO">p</msg>
<msg time="2024-05-28T11:05:46.802220" level="INFO">q</msg>
<msg time="2024-05-28T11:05:46.802220" level="INFO">r</msg>
<msg time="2024-05-28T11:05:46.802220" level="INFO">s</msg>
<msg time="2024-05-28T11:05:46.802220" level="INFO">t</msg>
<msg time="2024-05-28T11:05:46.802220" level="INFO">u</msg>
<msg time="2024-05-28T11:05:46.802220" level="INFO">v</msg>
<msg time="2024-05-28T11:05:46.802220" level="INFO">w</msg>
<msg time="2024-05-28T11:05:46.802220" level="INFO">x</msg>
<msg time="2024-05-28T11:05:46.802220" level="INFO">y</msg>
<msg time="2024-05-28T11:05:46.802220" level="INFO">z</msg>
<arg>@{LETTERS}</arg>
<doc>Logs the given messages as separate entries using the INFO level.</doc>
<status status="PASS" start="2024-05-28T11:05:46.801220" elapsed="0.001000"/>
</kw>
<kw name="Sleep" owner="BuiltIn">
<msg time="2024-05-28T11:05:49.802836" level="INFO">Slept 3 seconds.</msg>
<arg>3s</arg>
<doc>Pauses the test executed for the given time.</doc>
<status status="PASS" start="2024-05-28T11:05:46.802220" elapsed="3.000616"/>
</kw>
<tag>requirement: 42</tag>
<tag>smoke</tag>
<status status="PASS" start="2024-05-28T11:05:46.800189" elapsed="3.002647"/>
</test>
<test id="s1-s1-s1-t3" name="Test Case 3" line="24">
<kw name="Log" owner="BuiltIn">
<msg time="2024-05-28T11:05:49.802836" level="INFO">Test Case 3</msg>
<arg>Test Case 3</arg>
<doc>Logs the given message with the given level.</doc>
<status status="PASS" start="2024-05-28T11:05:49.802836" elapsed="0.000000"/>
</kw>
<kw name="Sleep" owner="BuiltIn">
<msg time="2024-05-28T11:05:52.803115" level="INFO">Slept 3 seconds.</msg>
<arg>3s</arg>
<doc>Pauses the test executed for the given time.</doc>
<status status="PASS" start="2024-05-28T11:05:49.802836" elapsed="3.000279"/>
</kw>
<tag>requirement: 42</tag>
<tag>smoke</tag>
<status status="PASS" start="2024-05-28T11:05:49.802836" elapsed="3.000279"/>
</test>
<meta name="@author">stefan923</meta>
<meta name="@TSCID1109">true</meta>
<status status="PASS" start="2024-05-28T11:05:43.788280" elapsed="9.014835"/>
</suite>
<meta name="@commonVar">true</meta>
<status status="PASS" start="2024-05-28T11:05:43.788280" elapsed="9.014835"/>
</suite>
<status status="PASS" start="2024-05-28T11:05:43.783399" elapsed="9.020722"/>
</suite>
<statistics>
<total>
<stat pass="3" fail="0" skip="0">All Tests</stat>
</total>
<tag>
<stat pass="1" fail="0" skip="0">not ready</stat>
<stat pass="3" fail="0" skip="0">requirement: 42</stat>
<stat pass="3" fail="0" skip="0">smoke</stat>
</tag>
<suite>
<stat pass="3" fail="0" skip="0" id="s1" name="Tests">Tests</stat>
<stat pass="3" fail="0" skip="0" id="s1-s1" name="Nested Suite">Tests.Nested Suite</stat>
<stat pass="3" fail="0" skip="0" id="s1-s1-s1" name="SuiteC">Tests.Nested Suite.SuiteC</stat>
</suite>
</statistics>
<errors>
</errors>
</robot>
