<?xml version="1.0" encoding="utf-8" standalone="yes"?>
<testsuites tests="5" failures="5" errors="0" skipped="0" time="93.885">
  <testsuite name="com.company.APITest" tests="1" failures="1" errors="0" skipped="0" time="11.784" package="com.company" id="0" hostname="DESKTOP-36IMHQI" timestamp="2025-10-14T12:38:26">
    <properties>
      <property name="os" value="Windows 11 Enterprise 23H2 (x64)" />
      <property name="user" value="desktop-36imhqi\razvan" />
      <property name="toolVersion" value="25.4" />
      <property name="sourceFile" value="runresults.xml" />
    </properties>
    <testcase name="test" classname="com.company.APITest" time="11.373">
      <failure message="FTd Failed: 1 failing step(s)">UFTAPITestRunner.Run: Failed</failure>
      <system-out>=== Steps ===
[2025-10-14 12:38:27] UFTAPITestRunner.Run == Failed (0s)
			- arg0: C:\API\API_WithParam
			- arg1: SecondParam
			- FirstParam: c</system-out>
    </testcase>
  </testsuite>
  <testsuite name="com.company.APITest" tests="1" failures="1" errors="0" skipped="0" time="20.398" package="com.company" id="1" hostname="DESKTOP-36IMHQI" timestamp="2025-10-14T11:32:20">
    <properties>
      <property name="os" value="Windows 11 Enterprise 23H2 (x64)" />
      <property name="user" value="desktop-36imhqi\razvan" />
      <property name="toolVersion" value="25.4" />
      <property name="sourceFile" value="runresultsAPITest1.xml" />
    </properties>
    <testcase name="test" classname="com.company.APITest" time="19.756">
      <failure message="FTd Failed: 1 failing step(s)">UFTAPITestRunner.Run: Failed</failure>
      <system-out>=== Steps ===
[2025-10-14 11:32:21] UFTAPITestRunner.Run == Failed (0s)
			- arg0: C:\API\APITest1</system-out>
    </testcase>
  </testsuite>
  <testsuite name="com.company.APITest" tests="1" failures="1" errors="0" skipped="0" time="22.942" package="com.company" id="2" hostname="DESKTOP-36IMHQI" timestamp="2025-10-14T11:36:45">
    <properties>
      <property name="os" value="Windows 11 Enterprise 23H2 (x64)" />
      <property name="user" value="desktop-36imhqi\razvan" />
      <property name="toolVersion" value="25.4" />
      <property name="sourceFile" value="runresultsAPITestGetFlights.xml" />
    </properties>
    <testcase name="test" classname="com.company.APITest" time="22.412">
      <failure message="FTd Failed: 1 failing step(s)">UFTAPITestRunner.Run: Failed</failure>
      <system-out>=== Steps ===
[2025-10-14 11:36:45] UFTAPITestRunner.Run == Failed (0s)
			- arg0: C:\API\APITestGetFlights</system-out>
    </testcase>
  </testsuite>
  <testsuite name="com.company.APITest" tests="1" failures="1" errors="0" skipped="0" time="21.263" package="com.company" id="3" hostname="DESKTOP-36IMHQI" timestamp="2025-10-14T12:20:06">
    <properties>
      <property name="os" value="Windows 11 Enterprise 23H2 (x64)" />
      <property name="user" value="desktop-36imhqi\razvan" />
      <property name="toolVersion" value="25.4" />
      <property name="sourceFile" value="runresultsAPI_REST.xml" />
    </properties>
    <testcase name="test" classname="com.company.APITest" time="20.829">
      <failure message="FTd Failed: 1 failing step(s)">UFTAPITestRunner.Run: Failed</failure>
      <system-out>=== Steps ===
[2025-10-14 12:20:06] UFTAPITestRunner.Run == Failed (0s)
			- arg0: C:\API\FlightAPI_REST\FlightAPI_REST</system-out>
    </testcase>
  </testsuite>
  <testsuite name="com.company.APITest" tests="1" failures="1" errors="0" skipped="0" time="17.498" package="com.company" id="4" hostname="DESKTOP-36IMHQI" timestamp="2025-10-14T12:33:31">
    <properties>
      <property name="os" value="Windows 11 Enterprise 23H2 (x64)" />
      <property name="user" value="desktop-36imhqi\razvan" />
      <property name="toolVersion" value="25.4" />
      <property name="sourceFile" value="runresultsWithParams.xml" />
    </properties>
    <testcase name="test" classname="com.company.APITest" time="17.049">
      <failure message="FTd Failed: 1 failing step(s)">UFTAPITestRunner.Run: Failed</failure>
      <system-out>=== Steps ===
[2025-10-14 12:33:32] UFTAPITestRunner.Run == Failed (0s)
			- arg0: C:\API\API_WithParam</system-out>
    </testcase>
  </testsuite>
</testsuites>