<?xml version="1.0" encoding="utf-8" standalone="yes"?>
<testsuites tests="1050" failures="268" errors="0" skipped="0" time="14911.861">
  <testsuite name="com.company.WpfTest" tests="1" failures="1" errors="0" skipped="0" time="28.923" package="com.company" id="0" hostname="DESKTOP-36IMHQI" timestamp="2025-10-09T10:59:21">
    <properties>
      <property name="os" value="Windows 11 Enterprise 23H2 (x64)" />
      <property name="user" value="desktop-36imhqi\razvan" />
      <property name="toolVersion" value="25.4" />
      <property name="sourceFile" value="runresults1.xml" />
    </properties>
    <testcase name="test" classname="com.company.WpfTest" time="28.551">
      <failure message="FTd Failed: 1 failing step(s)">[CheckBox].highlight: Operation '[CheckBox].highlight' failed: com.hp.lft.sdk.ReplayObjectNotFoundException: Cannot find the &amp;quot;Standard Windows CheckBox&amp;quot; object&amp;apos;s parent &amp;quot;Standard Windows Window&amp;quot; (class Window). Verify that parent properties match an object currently displayed in your application.</failure>
      <system-out>=== Steps ===
[2025-10-09 10:59:22] [CheckBox].highlight == Failed (28.192s)</system-out>
      <system-err><![CDATA[--- Failed / Error Steps ---
- [CheckBox].highlight == Failed (28.192s) @ 2025-10-09 10:59:22
  ErrorText:
    Operation '[CheckBox].highlight' failed:com.hp.lft.sdk.ReplayObjectNotFoundException: Cannot find the &quot;Standard Windows CheckBox&quot; object&apos;s parent &quot;Standard Windows Window&quot; (class Window).
    	at com.hp.lft.sdk.internal.ReplayExceptionFactory$1.create(ReplayExceptionFactory.java:35)
    	at com.hp.lft.sdk.internal.ReplayExceptionFactory.createOrDefault(ReplayExceptionFactory.java:289)
    	at com.hp.lft.sdk.internal.ReplayExceptionFactory.createOrDefault(ReplayExceptionFactory.java:22)
    	at com.hp.lft.sdk.internal.TestObjectExecuterBehaviorBase$ReplayErrorHandler.onError(TestObjectExecuterBehaviorBase.java:65)
    	at com.hp.lft.sdk.internal.CommunicationClientImpl.handleError(CommunicationClientImpl.java:232)
    ... (truncated 39 more frame(s))]]></system-err>
    </testcase>
  </testsuite>
  <testsuite name="FTDTest" tests="1" failures="1" errors="0" skipped="0" time="17" package="FTDTestProject1" id="1" hostname="DESKTOP-36IMHQI" timestamp="2025-10-09T10:32:38">
    <properties>
      <property name="os" value="Windows 11 Enterprise 23H2 (x64)" />
      <property name="user" value="desktop-36imhqi\razvan" />
      <property name="toolVersion" value="25.4" />
      <property name="sourceFile" value="runresults2.xml" />
    </properties>
    <testcase name="Test" classname="FTDTest" time="17">
      <failure message="FTd test marked as Failed." />
      <system-out>=== Steps ===
[2025-10-09 10:32:39] Browser.Launch == Passed (0s)
			- browserType: Chrome
			-------------
			- Type: Chrome
			- Version: 141.0
			- id: DESKTOP-36IMHQI
			- osType: Windows
			- osVersion: 10
			- name: DESKTOP-36IMHQI
			- max concurrent tests: 9007199254740991
[2025-10-09 10:32:42] about:blank.Navigate == Passed (1s)
			- url: www.advantageonlineshopping.com
[2025-10-09 10:32:43] Advantage Shopping.Sync == Passed (2s)</system-out>
      <system-err><![CDATA[--- Test ErrorText ---
HP.LFT.Communication.SocketClient.CommunicationException: Cannot identify the object &quot;[ Link ]&quot; (of class &quot;+LWE_Errors.placeHolders.className+&quot;).
   at HP.LFT.Communication.Client.LftCommunicationClient.&lt;SendAsync&gt;b__28_0(Task`1 sendTask)
   at System.Threading.Tasks.ContinuationResultTaskFromResultTask`2.InnerInvoke()
   at System.Threading.Tasks.Task.Execute()
   at HP.LFT.Communication.Client.LftCommunicationClient.Send(String messageType, IDictionary`2 data, Object sessionId)
   at HP.LFT.SDK.Core.Communication.CommunicationClient.Send(String messageType, IDictionary`2 data, Action`2 onError)
... (truncated 8 more frame(s))]]></system-err>
    </testcase>
  </testsuite>
  <testsuite name="com.company.UIAPatterns" tests="1" failures="0" errors="0" skipped="0" time="38.925" package="com.company" id="2" hostname="DESKTOP-36IMHQI" timestamp="2025-06-04T17:58:39">
    <properties>
      <property name="os" value="Windows_NT 10.0.22631" />
      <property name="user" value="desktop-36imhqi\razvan" />
      <property name="toolVersion" value="25.4" />
      <property name="sourceFile" value="runresults3.xml" />
    </properties>
    <testcase name="gridItemPatternTest" classname="com.company.UIAPatterns" time="37.891">
      <system-out>=== Steps ===
[2025-06-04 17:58:41] Table.click == Passed (4.586s)</system-out>
    </testcase>
  </testsuite>
  <testsuite name="FTDTest1" tests="3" failures="1" errors="0" skipped="0" time="26" package="FTDTestProject1" id="3" hostname="DESKTOP-36IMHQI" timestamp="2025-06-03T19:53:33">
    <properties>
      <property name="os" value="Windows_NT 10.0.22631" />
      <property name="user" value="desktop-36imhqi\razvan" />
      <property name="toolVersion" value="25.4" />
      <property name="sourceFile" value="runresults4.xml" />
    </properties>
    <testcase name="gridPatternTest" classname="FTDTest1" time="13">
      <system-out>=== Steps ===
[2025-06-03 19:53:34] Table.Click == Passed (1s)
			- button: Left
[2025-06-03 19:53:37] [Grid].ActivateCell == Passed (4s)
			- row: 1
			- column: 1
[2025-06-03 19:53:40] [Grid].ClickCell == Passed (3s)
			- row: 1
			- column: 1
			- button: Left
[2025-06-03 19:53:45] [Grid].SetCellValue == Passed (2s)
			- row: 1
			- column: 1
			- cellValue: test</system-out>
    </testcase>
    <testcase name="legacyIAccessiblePatternTest" classname="FTDTest1" time="9">
      <failure message="FTd test marked as Failed." />
      <system-out>=== Steps ===
[2025-06-03 19:53:46] Edit Field.Click == Passed (1s)
			- button: Left</system-out>
      <system-err><![CDATA[--- Test ErrorText ---
HP.LFT.SDK.GeneralLeanFtException: Runtime Error
   at HP.LFT.SDK.Core.Communication.CommunicationClient.HandleError(Action`2 onError, Int32 status, IDictionary`2 data)
   at HP.LFT.SDK.Core.Communication.CommunicationClient.Send(String messageType, IDictionary`2 data, Action`2 onError)
   at HP.LFT.SDK.DynamicObjectProxy.InvokeForReport(String binderName, String invokeType, Object[] args)
   at HP.LFT.SDK.DynamicObjectProxy.&lt;&gt;c__DisplayClass10_0.&lt;TryInvokeHelper&gt;b__0()
   at HP.LFT.SDK.OperationExecutionWrapper.ExecuteWithEventsInternally[T](ITestObject testObject, Object additionalInfo, Func`1 innerAction, MethodBase methodInfo, Boolean reportOnlyOnError, Object[] arguments)
... (truncated 12 more frame(s))]]></system-err>
    </testcase>
    <testcase name="windowPatternTest" classname="FTDTest1" time="5">
      <system-out>=== Steps ===
[2025-06-03 19:53:55] Window.Click == Passed (1s)
			- button: Left
[2025-06-03 19:53:56] [Window].Minimize == Passed (1s)
[2025-06-03 19:53:56] [Window].Maximize == Passed (1s)
[2025-06-03 19:53:58] [Window].Restore == Passed (1s)
[2025-06-03 19:53:59] [Window].Close == Passed (1s)</system-out>
    </testcase>
  </testsuite>
  <testsuite name="com.company.UFTDeveloperTest" tests="2" failures="1" errors="0" skipped="0" time="127.82" package="com.company" id="4" hostname="DESKTOP-36IMHQI" timestamp="2024-09-23T17:39:15">
    <properties>
      <property name="os" value="Windows_NT 10.0.22631" />
      <property name="user" value="desktop-36imhqi\razvan" />
      <property name="toolVersion" value="24.4" />
      <property name="sourceFile" value="runresults5.xml" />
    </properties>
    <testcase name="AI_OCRTest" classname="com.company.UFTDeveloperTest" time="121.376">
      <system-out>=== Steps ===
[2024-09-23 17:39:15] OCR value check PASSED == Passed (0s)
			The OCR type is: AI
[2024-09-23 17:39:16] Browser.launch == Passed (0s)
			- browserType: CHROME
			-------------
			- type: Chrome
			- version: 128.0
			- max concurrent tests: 9.007199254740991E15
			- osVersion: 10
			- osType: Windows
			- name: DESKTOP-36IMHQI
			- id: DESKTOP-36IMHQI
[2024-09-23 17:39:20] about:blank.navigate == Passed (0.955s)
			- url: www.advantageonlineshopping.com/#/
[2024-09-23 17:40:14] AIObject.click == Passed (1.207s)
[2024-09-23 17:40:16] Verify property: exists == Passed (60.908s)
[2024-09-23 17:40:16] Verification == Passed (0s)
			Verify property: exists
[2024-09-23 17:40:16] Advantage Shopping.close == Passed (0.644s)
[2024-09-23 17:40:17] OCR value check PASSED == Passed (0s)
			The OCR type is: AI
[2024-09-23 17:40:17] Browser.launch == Passed (0s)
			- browserType: CHROME
			-------------
			- type: Chrome
			- version: 128.0
			- max concurrent tests: 9.007199254740991E15
			- osVersion: 10
			- osType: Windows
			- name: DESKTOP-36IMHQI
			- id: DESKTOP-36IMHQI
[2024-09-23 17:40:23] OCR value check PASSED == Passed (0s)
			The OCR type is: AI
[2024-09-23 17:40:23] about:blank.navigate == Passed (0.426s)
			- url: https://www.advantageonlineshopping.com/#/
[2024-09-23 17:40:24] Advantage Shopping.sync == Passed (1.744s)
[2024-09-23 17:41:14] AIObject.click == Passed (1.553s)
[2024-09-23 17:41:16] Verification == Passed (0s)
			Verify property: exists
[2024-09-23 17:41:16] Advantage Shopping.close == Passed (0.598s)</system-out>
    </testcase>
    <testcase name="FT_OCRTest" classname="com.company.UFTDeveloperTest" time="5.977">
      <failure message="FTd Failed: 1 failing step(s)">[UiObject].highlight: Operation '[UiObject].highlight' failed: com.hp.lft.sdk.GeneralReplayException: Unspecified error</failure>
      <system-out>=== Steps ===
[2024-09-23 17:41:17] OCR value check PASSED == Passed (0s)
			The OCR type is: FT
[2024-09-23 17:41:17] Browser.launch == Passed (0s)
			- browserType: CHROME
			-------------
			- type: Chrome
			- version: 128.0
			- max concurrent tests: 9.007199254740991E15
			- osVersion: 10
			- osType: Windows
			- name: DESKTOP-36IMHQI
			- id: DESKTOP-36IMHQI
[2024-09-23 17:41:20] about:blank.navigate == Passed (0.138s)
			- url: https://www.advantageonlineshopping.com/#/
[2024-09-23 17:41:20] Advantage Shopping.sync == Passed (1.696s)
[2024-09-23 17:41:22] [UiObject].highlight == Failed (0.384s)</system-out>
      <system-err><![CDATA[--- Failed / Error Steps ---
- [UiObject].highlight == Failed (0.384s) @ 2024-09-23 17:41:22
  ErrorText:
    Operation '[UiObject].highlight' failed:com.hp.lft.sdk.GeneralReplayException: Unspecified error
    	at com.hp.lft.sdk.internal.ReplayExceptionFactory$11.create(ReplayExceptionFactory.java:95)
    	at com.hp.lft.sdk.internal.ReplayExceptionFactory.createOrDefault(ReplayExceptionFactory.java:289)
    	at com.hp.lft.sdk.internal.ReplayExceptionFactory.createOrDefault(ReplayExceptionFactory.java:22)
    	at com.hp.lft.sdk.internal.TestObjectExecuterBehaviorBase$ReplayErrorHandler.onError(TestObjectExecuterBehaviorBase.java:65)
    	at com.hp.lft.sdk.internal.CommunicationClientImpl.handleError(CommunicationClientImpl.java:222)
    ... (truncated 39 more frame(s))]]></system-err>
    </testcase>
  </testsuite>
  <testsuite name="com.company.UFTDeveloperTest" tests="1" failures="0" errors="0" skipped="0" time="30.559" package="com.company" id="5" hostname="Dorin-VM2-Svc" timestamp="2023-11-15T15:47:02">
    <properties>
      <property name="os" value="Windows_NT 10.0.19045" />
      <property name="user" value="dorin-vm2-svc\dbogdan" />
      <property name="toolVersion" value="23.4" />
      <property name="sourceFile" value="runresults_01.xml" />
    </properties>
    <testcase name="hoverTest" classname="com.company.UFTDeveloperTest" time="30.27">
      <system-out>=== Steps ===
[2023-11-15 15:47:02] Browser.launch == Passed (0s)
			- arg0: FIREFOX
			-------------
			- type: Mozilla Firefox
			- version: 119.0
			- max concurrent tests: 9.007199254740991E15
			- osVersion: 10
			- osType: Windows
			- name: Dorin-VM2-Svc
			- id: Dorin-VM2-Svc
[2023-11-15 15:47:04] New Tab.navigate == Passed (0.07s)
			- arg0: https://www.advantageonlineshopping.com/#/
[2023-11-15 15:47:15] AIObject.hover == Passed (6.245s)
			- arg0: 4
[2023-11-15 15:47:27] AIObject.hover == Passed (2.782s)
[2023-11-15 15:47:32] Advantage Shopping.close == Passed (0.575s)</system-out>
    </testcase>
  </testsuite>
  <testsuite name="com.company.UFTDeveloperTest" tests="1" failures="0" errors="0" skipped="0" time="29.789" package="com.company" id="6" hostname="DESKTOP-36IMHQI" timestamp="2023-10-26T19:00:44">
    <properties>
      <property name="os" value="Windows_NT 10.0.22621" />
      <property name="user" value="desktop-36imhqi\razvan" />
      <property name="toolVersion" value="23.4" />
      <property name="sourceFile" value="runresults_02.xml" />
    </properties>
    <testcase name="hoverTest" classname="com.company.UFTDeveloperTest" time="29.563">
      <system-out>=== Steps ===
[2023-10-26 19:00:44] Browser.launch == Passed (0s)
			- arg0: CHROME
			-------------
			- type: Chrome
			- version: 118.0
			- max concurrent tests: 9.007199254740991E15
			- osVersion: 10
			- osType: Windows
			- name: DESKTOP-36IMHQI
			- id: DESKTOP-36IMHQI
[2023-10-26 19:00:47] about:blank.navigate == Passed (0.038s)
			- arg0: https://www.advantageonlineshopping.com/#/
[2023-10-26 19:00:56] AIObject.hover == Passed (6.835s)
			- arg0: 4
[2023-10-26 19:01:08] AIObject.hover == Passed (3.488s)
[2023-10-26 19:01:13] Advantage Shopping.close == Passed (0.563s)</system-out>
    </testcase>
  </testsuite>
  <testsuite name="com.company.SAPGUITest" tests="1" failures="0" errors="0" skipped="0" time="10.007" package="com.company" id="7" hostname="DESKTOP-R7156G4" timestamp="2023-06-05T23:18:22">
    <properties>
      <property name="os" value="Windows_NT 10.0.22621" />
      <property name="user" value="desktop-r7156g4\razvan" />
      <property name="toolVersion" value="2023.1" />
      <property name="sourceFile" value="runresults_03.xml" />
    </properties>
    <testcase name="test" classname="com.company.SAPGUITest" time="9.839">
      <system-out>=== Steps ===
[2023-06-05 23:18:22] Session.launch == Passed (0s)
			- arg0: CALDERONE
			- arg1: 800
			- arg2: qa01
			- arg3: 55c1b303f6a77cb79fcbb321af78eed77befc906
			- arg4: EN</system-out>
    </testcase>
  </testsuite>
  <testsuite name="com.company.UFTDeveloperTest" tests="1" failures="1" errors="0" skipped="0" time="26.691" package="com.company" id="8" hostname="DESKTOP-R7156G4" timestamp="2023-06-06T21:31:00">
    <properties>
      <property name="os" value="Windows_NT 10.0.22621" />
      <property name="user" value="desktop-r7156g4\razvan" />
      <property name="toolVersion" value="2023.1" />
      <property name="sourceFile" value="runresults_04.xml" />
    </properties>
    <testcase name="test" classname="com.company.UFTDeveloperTest" time="26.075">
      <failure message="FTd Failed: 1 failing step(s)">SAPUIFacetFilter.getFilters: Operation 'SAPUIFacetFilter.getFilters' failed: com.hp.lft.sdk.ReplayParentMissingException: Cannot find the &amp;quot;SAPUI5 FacetFilter&amp;quot; object&amp;apos;s parent &amp;quot;[ [ SAPUI5 SDK - Demo Kit ] ]&amp;quot; (class Page). Verify that parent properties match an object currently displayed in your application.</failure>
      <system-out>=== Steps ===
[2023-06-06 21:31:01] Browser.launch == Passed (0s)
			- arg0: FIREFOX
			-------------
			- type: Mozilla Firefox
			- version: 114.0
			- max concurrent tests: 9.007199254740991E15
			- osVersion: 10
			- osType: Windows
			- name: DESKTOP-R7156G4
			- id: DESKTOP-R7156G4
[2023-06-06 21:31:06] New Tab.navigate == Passed (0.177s)
			- arg0: https://sapui5.hana.ondemand.com/1.108.11/#/entity/sap.m.FacetFilter/sample/sap.m.sample.FacetFilterSimple
[2023-06-06 21:31:07] SAPUIFacetFilter.getFilters == Failed (20.297s)</system-out>
      <system-err><![CDATA[--- Failed / Error Steps ---
- SAPUIFacetFilter.getFilters == Failed (20.297s) @ 2023-06-06 21:31:07
  ErrorText:
    Operation 'SAPUIFacetFilter.getFilters' failed:com.hp.lft.sdk.ReplayParentMissingException: Cannot find the &quot;SAPUI5 FacetFilter&quot; object&apos;s parent &quot;[ [ SAPUI5 SDK - Demo Kit ] ]&quot; (class Page).
    	at com.hp.lft.sdk.internal.ReplayExceptionFactory$3.create(ReplayExceptionFactory.java:47)
    	at com.hp.lft.sdk.internal.ReplayExceptionFactory.createOrDefault(ReplayExceptionFactory.java:289)
    	at com.hp.lft.sdk.internal.ReplayExceptionFactory.createOrDefault(ReplayExceptionFactory.java:22)
    	at com.hp.lft.sdk.internal.TestObjectExecuterBehaviorBase$ReplayErrorHandler.onError(TestObjectExecuterBehaviorBase.java:65)
    	at com.hp.lft.sdk.internal.CommunicationClientImpl.handleError(CommunicationClientImpl.java:222)
    ... (truncated 42 more frame(s))]]></system-err>
    </testcase>
  </testsuite>
  <testsuite name="com.company.UFTDeveloperTest" tests="3" failures="3" errors="0" skipped="0" time="14.774" package="com.company" id="9" hostname="DESKTOP-R7156G4" timestamp="2023-07-13T15:53:52">
    <properties>
      <property name="os" value="Windows_NT 10.0.22621" />
      <property name="user" value="desktop-r7156g4\razvan" />
      <property name="toolVersion" value="2023.4" />
      <property name="sourceFile" value="runresults_05.xml" />
    </properties>
    <testcase name="Scenario: Check speakers price" classname="com.company.UFTDeveloperTest" time="1.063">
      <failure message="FTd Failed: 5 failing step(s)">Given I navigate to www.advantageonlineshopping.com: java.lang.ExceptionInInitializerError</failure>
      <system-out>=== Steps ===
[2023-07-13 15:53:56] Given I navigate to www.advantageonlineshopping.com == Failed (0.521s)
[2023-07-13 15:53:57] When I select the speakers category == Warning (0s)
[2023-07-13 15:53:57] And I add the first product to the cart == Warning (0.001s)
[2023-07-13 15:53:57] And I navigate to the cart == Warning (0.001s)
[2023-07-13 15:53:57] Then the total price is $269.99 == Warning (0s)
[2023-07-13 15:53:57] about:blank.close == Passed (0.531s)</system-out>
      <system-err><![CDATA[--- Failed / Error Steps ---
- Given I navigate to www.advantageonlineshopping.com == Failed (0.521s) @ 2023-07-13 15:53:56
  ErrorText:
    java.lang.ExceptionInInitializerError
    	at cucumber.deps.com.thoughtworks.xstream.XStream.setupConverters(XStream.java:820)
    	at cucumber.deps.com.thoughtworks.xstream.XStream.&lt;init&gt;(XStream.java:574)
    	at cucumber.deps.com.thoughtworks.xstream.XStream.&lt;init&gt;(XStream.java:530)
    	at cucumber.runtime.xstream.LocalizedXStreams$LocalizedXStream.&lt;init&gt;(LocalizedXStreams.java:50)
    	at cucumber.runtime.xstream.LocalizedXStreams.newXStream(LocalizedXStreams.java:37)
    ... (truncated 89 more frame(s))]]></system-err>
    </testcase>
    <testcase name="Example: 1" classname="com.company.UFTDeveloperTest" time="0.05">
      <failure message="FTd Failed: 5 failing step(s)">Given I navigate to www.advantageonlineshopping.com: java.lang.NoClassDefFoundError: Could not initialize class cucumber.deps.com.thoughtworks.xstream.converters.collections.TreeMapConverter</failure>
      <system-out>=== Steps ===
[2023-07-13 15:54:01] Given I navigate to www.advantageonlineshopping.com == Failed (0.024s)
[2023-07-13 15:54:01] When I select the speakers category == Warning (0s)
[2023-07-13 15:54:01] And I add the first product to the cart == Warning (0.005s)
[2023-07-13 15:54:01] And I navigate to the cart == Warning (0.004s)
[2023-07-13 15:54:01] Then the total price is $269.99 == Warning (0.007s)</system-out>
      <system-err><![CDATA[--- Failed / Error Steps ---
- Given I navigate to www.advantageonlineshopping.com == Failed (0.024s) @ 2023-07-13 15:54:01
  ErrorText:
    java.lang.NoClassDefFoundError: Could not initialize class cucumber.deps.com.thoughtworks.xstream.converters.collections.TreeMapConverter
    	at cucumber.deps.com.thoughtworks.xstream.XStream.setupConverters(XStream.java:820)
    	at cucumber.deps.com.thoughtworks.xstream.XStream.&lt;init&gt;(XStream.java:574)
    	at cucumber.deps.com.thoughtworks.xstream.XStream.&lt;init&gt;(XStream.java:530)
    	at cucumber.runtime.xstream.LocalizedXStreams$LocalizedXStream.&lt;init&gt;(LocalizedXStreams.java:50)
    	at cucumber.runtime.xstream.LocalizedXStreams.newXStream(LocalizedXStreams.java:37)
    ... (truncated 109 more frame(s))]]></system-err>
    </testcase>
    <testcase name="Example: 2" classname="com.company.UFTDeveloperTest" time="0.034">
      <failure message="FTd Failed: 5 failing step(s)">Given I navigate to www.advantageonlineshopping.com: java.lang.NoClassDefFoundError: Could not initialize class cucumber.deps.com.thoughtworks.xstream.converters.collections.TreeMapConverter</failure>
      <system-out>=== Steps ===
[2023-07-13 15:54:06] Given I navigate to www.advantageonlineshopping.com == Failed (0.009s)
[2023-07-13 15:54:06] When I select the mice category == Warning (0.001s)
[2023-07-13 15:54:06] And I add the first product to the cart == Warning (0.001s)
[2023-07-13 15:54:06] And I navigate to the cart == Warning (0.004s)
[2023-07-13 15:54:06] Then the total price is $9.99 == Warning (0s)</system-out>
      <system-err><![CDATA[--- Failed / Error Steps ---
- Given I navigate to www.advantageonlineshopping.com == Failed (0.009s) @ 2023-07-13 15:54:06
  ErrorText:
    java.lang.NoClassDefFoundError: Could not initialize class cucumber.deps.com.thoughtworks.xstream.converters.collections.TreeMapConverter
    	at cucumber.deps.com.thoughtworks.xstream.XStream.setupConverters(XStream.java:820)
    	at cucumber.deps.com.thoughtworks.xstream.XStream.&lt;init&gt;(XStream.java:574)
    	at cucumber.deps.com.thoughtworks.xstream.XStream.&lt;init&gt;(XStream.java:530)
    	at cucumber.runtime.xstream.LocalizedXStreams$LocalizedXStream.&lt;init&gt;(LocalizedXStreams.java:50)
    	at cucumber.runtime.xstream.LocalizedXStreams.newXStream(LocalizedXStreams.java:37)
    ... (truncated 109 more frame(s))]]></system-err>
    </testcase>
  </testsuite>
  <testsuite name="com.company.UFTDeveloperTest" tests="3" failures="0" errors="0" skipped="0" time="39.489" package="com.company" id="10" hostname="DESKTOP-R7156G4" timestamp="2023-07-13T14:56:14">
    <properties>
      <property name="os" value="Windows_NT 10.0.22621" />
      <property name="user" value="desktop-r7156g4\razvan" />
      <property name="toolVersion" value="2023.4" />
      <property name="sourceFile" value="runresults_06.xml" />
    </properties>
    <testcase name="Scenario: Check speakers price" classname="com.company.UFTDeveloperTest" time="13.232">
      <system-out>=== Steps ===
[2023-07-13 14:56:15] Browser.launch == Passed (0s)
			- arg0: CHROME
			-------------
			- type: Chrome
			- version: 114.0
			- max concurrent tests: 9.007199254740991E15
			- osVersion: 10
			- osType: Windows
			- name: DESKTOP-R7156G4
			- id: DESKTOP-R7156G4
[2023-07-13 14:56:19] about:blank.deleteCookies == Passed (0.076s)
[2023-07-13 14:56:19] Given I navigate to www.advantageonlineshopping.com == Passed (0.039s)
[2023-07-13 14:56:19] about:blank.navigate == Passed (0.038s)
			- arg0: http://www.advantageonlineshopping.com
[2023-07-13 14:56:19] When I select the speakers category == Passed (5.33s)
[2023-07-13 14:56:19] SpeakersCategory.click == Passed (5.314s)
[2023-07-13 14:56:24] And I add the first product to the cart == Passed (2.241s)
[2023-07-13 14:56:24] fetchImage?image_id=4200.click == Passed (1.152s)
[2023-07-13 14:56:26] save_to_cart.click == Passed (1.08s)
[2023-07-13 14:56:27] And I navigate to the cart == Passed (0.032s)
[2023-07-13 14:56:27] WebElement.click == Passed (0.032s)
[2023-07-13 14:56:27] Then the total price is $269.99 == Passed (0.665s)
[2023-07-13 14:56:27] Verification == Passed (0s)
[2023-07-13 14:56:27] dvantage.click == Passed (0.057s)
[2023-07-13 14:56:27] Advantage Shopping.close == Passed (0.681s)</system-out>
    </testcase>
    <testcase name="Example: 0" classname="com.company.UFTDeveloperTest" time="25.742">
      <system-out>=== Steps ===
[2023-07-13 14:56:28] Browser.launch == Passed (0s)
			- arg0: CHROME
			-------------
			- type: Chrome
			- version: 114.0
			- max concurrent tests: 9.007199254740991E15
			- osVersion: 10
			- osType: Windows
			- name: DESKTOP-R7156G4
			- id: DESKTOP-R7156G4
[2023-07-13 14:56:32] about:blank.deleteCookies == Passed (0.062s)
[2023-07-13 14:56:32] Given I navigate to www.advantageonlineshopping.com == Passed (0.037s)
[2023-07-13 14:56:32] about:blank.navigate == Passed (0.036s)
			- arg0: http://www.advantageonlineshopping.com
[2023-07-13 14:56:32] When I select the category == Passed (4.264s)
[2023-07-13 14:56:32] SpeakersCategory.click == Passed (4.262s)
[2023-07-13 14:56:37] And I add the first product to the cart == Passed (2.848s)
[2023-07-13 14:56:37] fetchImage?image_id=4200.click == Passed (1.13s)
[2023-07-13 14:56:38] save_to_cart.click == Passed (1.715s)
[2023-07-13 14:56:39] And I navigate to the cart == Passed (0.047s)
[2023-07-13 14:56:39] WebElement.click == Passed (0.047s)
[2023-07-13 14:56:39] Then the total price is == Passed (0.71s)
[2023-07-13 14:56:40] Verification == Passed (0s)
[2023-07-13 14:56:40] dvantage.click == Passed (0.047s)
[2023-07-13 14:56:40] Advantage Shopping.close == Passed (0.682s)</system-out>
    </testcase>
    <testcase name="Example: 1" classname="com.company.UFTDeveloperTest" time="12.961">
      <system-out>=== Steps ===
[2023-07-13 14:56:41] Browser.launch == Passed (0s)
			- arg0: CHROME
			-------------
			- type: Chrome
			- version: 114.0
			- max concurrent tests: 9.007199254740991E15
			- osVersion: 10
			- osType: Windows
			- name: DESKTOP-R7156G4
			- id: DESKTOP-R7156G4
[2023-07-13 14:56:45] about:blank.deleteCookies == Passed (0.031s)
[2023-07-13 14:56:45] Given I navigate to www.advantageonlineshopping.com == Passed (0.034s)
[2023-07-13 14:56:45] about:blank.navigate == Passed (0.033s)
			- arg0: http://www.advantageonlineshopping.com
[2023-07-13 14:56:45] When I select the category == Passed (5.19s)
[2023-07-13 14:56:45] MiceCategory.click == Passed (5.19s)
[2023-07-13 14:56:50] And I add the first product to the cart == Passed (2.235s)
[2023-07-13 14:56:50] fetchImage?image_id=5400.click == Passed (1.146s)
[2023-07-13 14:56:51] save_to_cart.click == Passed (1.088s)
[2023-07-13 14:56:52] And I navigate to the cart == Passed (0.049s)
[2023-07-13 14:56:52] WebElement.click == Passed (0.049s)
[2023-07-13 14:56:53] Then the total price is == Passed (0.639s)
[2023-07-13 14:56:53] Verification == Passed (0s)
[2023-07-13 14:56:53] dvantage.click == Passed (0.051s)
[2023-07-13 14:56:53] Advantage Shopping.close == Passed (0.685s)</system-out>
    </testcase>
  </testsuite>
  <testsuite name="com.company.UFTDeveloperTest" tests="3" failures="0" errors="0" skipped="0" time="43.511" package="com.company" id="11" hostname="DESKTOP-R7156G4" timestamp="2023-07-13T16:32:08">
    <properties>
      <property name="os" value="Windows_NT 10.0.22621" />
      <property name="user" value="desktop-r7156g4\razvan" />
      <property name="toolVersion" value="2023.4" />
      <property name="sourceFile" value="runresults_07.xml" />
    </properties>
    <testcase name="myTest" classname="com.company.UFTDeveloperTest" time="9.733">
      <system-out>=== Steps ===
[2023-07-13 16:32:08] Browser.launch == Passed (0s)
			- arg0: CHROME
			-------------
			- type: Chrome
			- version: 114.0
			- max concurrent tests: 9.007199254740991E15
			- osVersion: 10
			- osType: Windows
			- name: DESKTOP-R7156G4
			- id: DESKTOP-R7156G4
[2023-07-13 16:32:13] about:blank.navigate == Passed (0.062s)
			- arg0: http://www.advantageonlineshopping.com
[2023-07-13 16:32:13] UserMenu.click == Passed (3.57s)
[2023-07-13 16:32:17] CREATE NEW ACCOUNT.click == Passed (0.074s)
[2023-07-13 16:32:17] usernameRegisterPage.setValue == Passed (0.154s)
			- arg0: demoUser
[2023-07-13 16:32:17] passwordRegisterPage.setSecure == Passed (0.099s)
			- arg0: 596f1409b156a60dc50592de897863e8d552
[2023-07-13 16:32:17] confirm_passwordRegisterPage.setSecure == Passed (0.145s)
			- arg0: 596f1409b156a60dc50592de897863e8d552
[2023-07-13 16:32:17] emailRegisterPage.setValue == Passed (0.066s)
			- arg0: demoUser@default.com
[2023-07-13 16:32:17] i_agree.set == Passed (0.071s)
			- arg0: true
[2023-07-13 16:32:18] Verification == Passed (0s)
			Verify property: isChecked
[2023-07-13 16:32:18] REGISTER.click == Passed (0.036s)
[2023-07-13 16:32:18] Advantage Shopping.close == Passed (0.56s)</system-out>
    </testcase>
    <testcase name="test3" classname="com.company.UFTDeveloperTest" time="12.301">
      <system-out>=== Steps ===
[2023-07-13 16:32:18] Browser.launch == Passed (0s)
			- arg0: CHROME
			-------------
			- type: Chrome
			- version: 114.0
			- max concurrent tests: 9.007199254740991E15
			- osVersion: 10
			- osType: Windows
			- name: DESKTOP-R7156G4
			- id: DESKTOP-R7156G4
[2023-07-13 16:32:22] about:blank.navigate == Passed (0.028s)
			- arg0: https://pages.github.houston.softwaregrp.net/caf/ux-aspects-micro-focus/#/ui-components/input-controls
[2023-07-13 16:32:22] UX Aspects Documentation.refresh == Passed (5.803s)
[2023-07-13 16:32:28] WebCheckBox.set == Passed (2.187s)
			- arg0: true
[2023-07-13 16:32:30] WebCheckBox.set == Passed (0.086s)
			- arg0: true</system-out>
    </testcase>
    <testcase name="myTest2" classname="com.company.UFTDeveloperTest" time="21.274">
      <system-out>=== Steps ===
[2023-07-13 16:32:30] Browser.launch == Passed (0s)
			- arg0: FIREFOX
			-------------
			- type: Mozilla Firefox
			- version: 115.0
			- max concurrent tests: 9.007199254740991E15
			- osVersion: 10
			- osType: Windows
			- name: DESKTOP-R7156G4
			- id: DESKTOP-R7156G4
[2023-07-13 16:32:45] New Tab.navigate == Passed (0.19s)
			- arg0: http://www.advantageonlineshopping.com
[2023-07-13 16:32:45] UserMenu.click == Passed (4.574s)
[2023-07-13 16:32:50] CREATE NEW ACCOUNT.click == Passed (0.065s)
[2023-07-13 16:32:50] usernameRegisterPage.setValue == Passed (0.628s)
			- arg0: demoUser
[2023-07-13 16:32:51] passwordRegisterPage.setSecure == Passed (0.113s)
			- arg0: 596f1409b156a60dc50592de897863e8d552
[2023-07-13 16:32:51] confirm_passwordRegisterPage.setSecure == Passed (0.109s)
			- arg0: 596f1409b156a60dc50592de897863e8d552
[2023-07-13 16:32:51] emailRegisterPage.setValue == Passed (0.082s)
			- arg0: demoUser@default.com
[2023-07-13 16:32:51] i_agree.set == Passed (0.105s)
			- arg0: true
[2023-07-13 16:32:51] Verification == Passed (0s)
			Verify property: isChecked
[2023-07-13 16:32:51] REGISTER.click == Passed (0.055s)
[2023-07-13 16:32:51] Advantage Shopping.close == Passed (0.538s)</system-out>
    </testcase>
  </testsuite>
  <testsuite name="com.company.UFTDeveloperTest" tests="2" failures="0" errors="0" skipped="0" time="19.611" package="com.company" id="12" hostname="DESKTOP-R7156G4" timestamp="2023-07-05T11:31:03">
    <properties>
      <property name="os" value="Windows_NT 10.0.22621" />
      <property name="user" value="desktop-r7156g4\razvan" />
      <property name="toolVersion" value="2023.4" />
      <property name="sourceFile" value="runresults_08.xml" />
    </properties>
    <testcase name="myTest()" classname="com.company.UFTDeveloperTest" time="9.288">
      <system-out>=== Steps ===
[2023-07-05 11:31:03] Browser.launch == Passed (0s)
			- arg0: CHROME
			-------------
			- type: Chrome
			- version: 114.0
			- max concurrent tests: 9.007199254740991E15
			- osVersion: 10
			- osType: Windows
			- name: DESKTOP-R7156G4
			- id: DESKTOP-R7156G4
[2023-07-05 11:31:07] about:blank.navigate == Passed (0.062s)
			- arg0: http://www.advantageonlineshopping.com
[2023-07-05 11:31:07] UserMenu.click == Passed (2.724s)
[2023-07-05 11:31:10] CREATE NEW ACCOUNT.click == Passed (0.079s)
[2023-07-05 11:31:10] usernameRegisterPage.setValue == Passed (0.616s)
			- arg0: demoUser
[2023-07-05 11:31:11] passwordRegisterPage.setSecure == Passed (0.077s)
			- arg0: 596f1409b156a60dc50592de897863e8d552
[2023-07-05 11:31:11] confirm_passwordRegisterPage.setSecure == Passed (0.113s)
			- arg0: 596f1409b156a60dc50592de897863e8d552
[2023-07-05 11:31:11] emailRegisterPage.setValue == Passed (0.075s)
			- arg0: demoUser@default.com
[2023-07-05 11:31:11] i_agree.set == Passed (0.102s)
			- arg0: true
[2023-07-05 11:31:11] Verification == Passed (0s)
			Verify property: isChecked
[2023-07-05 11:31:11] register_btn.click == Passed (0.067s)
[2023-07-05 11:31:12] Advantage Shopping.close == Passed (0.57s)</system-out>
    </testcase>
    <testcase name="myTest2()" classname="com.company.UFTDeveloperTest" time="9.974">
      <system-out>=== Steps ===
[2023-07-05 11:31:12] Browser.launch == Passed (0s)
			- arg0: FIREFOX
			-------------
			- type: Mozilla Firefox
			- version: 114.0
			- max concurrent tests: 9.007199254740991E15
			- osVersion: 10
			- osType: Windows
			- name: DESKTOP-R7156G4
			- id: DESKTOP-R7156G4
[2023-07-05 11:31:18] New Tab.navigate == Passed (0.031s)
			- arg0: http://www.advantageonlineshopping.com
[2023-07-05 11:31:18] UserMenu.click == Passed (2.282s)
[2023-07-05 11:31:20] CREATE NEW ACCOUNT.click == Passed (0.108s)
[2023-07-05 11:31:20] usernameRegisterPage.setValue == Passed (0.901s)
			- arg0: demoUser
[2023-07-05 11:31:21] passwordRegisterPage.setSecure == Passed (0.149s)
			- arg0: 596f1409b156a60dc50592de897863e8d552
[2023-07-05 11:31:21] confirm_passwordRegisterPage.setSecure == Passed (0.096s)
			- arg0: 596f1409b156a60dc50592de897863e8d552
[2023-07-05 11:31:21] emailRegisterPage.setValue == Passed (0.096s)
			- arg0: demoUser@default.com
[2023-07-05 11:31:21] i_agree.set == Passed (0.108s)
			- arg0: true
[2023-07-05 11:31:21] Verification == Passed (0s)
			Verify property: isChecked
[2023-07-05 11:31:21] register_btn.click == Passed (0.071s)
[2023-07-05 11:31:22] Advantage Shopping.close == Passed (0.626s)</system-out>
    </testcase>
  </testsuite>
  <testsuite name="com.company.UFTDeveloperTest" tests="2" failures="0" errors="0" skipped="0" time="37.276" package="com.company" id="13" hostname="DESKTOP-R7156G4" timestamp="2023-07-12T17:25:35">
    <properties>
      <property name="os" value="Windows_NT 10.0.22621" />
      <property name="user" value="desktop-r7156g4\razvan" />
      <property name="toolVersion" value="2023.4" />
      <property name="sourceFile" value="runresults_09.xml" />
    </properties>
    <testcase name="myTest()" classname="com.company.UFTDeveloperTest" time="9.112">
      <system-out>=== Steps ===
[2023-07-12 17:25:35] Browser.launch == Passed (0s)
			- arg0: CHROME
			-------------
			- type: Chrome
			- version: 114.0
			- max concurrent tests: 9.007199254740991E15
			- osVersion: 10
			- osType: Windows
			- name: DESKTOP-R7156G4
			- id: DESKTOP-R7156G4
[2023-07-12 17:25:39] about:blank.navigate == Passed (0.044s)
			- arg0: http://www.advantageonlineshopping.com
[2023-07-12 17:25:39] UserMenu.click == Passed (3.138s)
[2023-07-12 17:25:43] CREATE NEW ACCOUNT.click == Passed (0.06s)
[2023-07-12 17:25:43] usernameRegisterPage.setValue == Passed (0.61s)
			- arg0: demoUser
[2023-07-12 17:25:43] passwordRegisterPage.setSecure == Passed (0.141s)
			- arg0: 596f1409b156a60dc50592de897863e8d552
[2023-07-12 17:25:44] confirm_passwordRegisterPage.setSecure == Passed (0.078s)
			- arg0: 596f1409b156a60dc50592de897863e8d552
[2023-07-12 17:25:44] emailRegisterPage.setValue == Passed (0.047s)
			- arg0: demoUser@default.com
[2023-07-12 17:25:44] i_agree.set == Passed (0.061s)
			- arg0: true
[2023-07-12 17:25:44] Verification == Passed (0s)
			Verify property: isChecked
[2023-07-12 17:25:44] register_btn.click == Passed (0.04s)
[2023-07-12 17:25:44] Advantage Shopping.close == Passed (0.57s)</system-out>
    </testcase>
    <testcase name="myTest2()" classname="com.company.UFTDeveloperTest" time="27.947">
      <system-out>=== Steps ===
[2023-07-12 17:25:44] Browser.launch == Passed (0s)
			- arg0: FIREFOX
			-------------
			- type: Mozilla Firefox
			- version: 115.0
			- max concurrent tests: 9.007199254740991E15
			- osVersion: 10
			- osType: Windows
			- name: DESKTOP-R7156G4
			- id: DESKTOP-R7156G4
[2023-07-12 17:26:09] New Tab.navigate == Passed (0.095s)
			- arg0: http://www.advantageonlineshopping.com
[2023-07-12 17:26:09] UserMenu.click == Passed (1.832s)
[2023-07-12 17:26:10] CREATE NEW ACCOUNT.click == Passed (0.067s)
[2023-07-12 17:26:11] usernameRegisterPage.setValue == Passed (0.634s)
			- arg0: demoUser
[2023-07-12 17:26:11] passwordRegisterPage.setSecure == Passed (0.094s)
			- arg0: 596f1409b156a60dc50592de897863e8d552
[2023-07-12 17:26:11] confirm_passwordRegisterPage.setSecure == Passed (0.11s)
			- arg0: 596f1409b156a60dc50592de897863e8d552
[2023-07-12 17:26:11] emailRegisterPage.setValue == Passed (0.104s)
			- arg0: demoUser@default.com
[2023-07-12 17:26:11] i_agree.set == Passed (0.151s)
			- arg0: true
[2023-07-12 17:26:12] Verification == Passed (0s)
			Verify property: isChecked
[2023-07-12 17:26:12] register_btn.click == Passed (0.079s)
[2023-07-12 17:26:12] Advantage Shopping.close == Passed (0.573s)</system-out>
    </testcase>
  </testsuite>
  <testsuite name="com.company.UFTDeveloperTest" tests="2" failures="0" errors="0" skipped="0" time="16.392" package="com.company" id="14" hostname="DESKTOP-R7156G4" timestamp="2023-07-12T17:30:56">
    <properties>
      <property name="os" value="Windows_NT 10.0.22621" />
      <property name="user" value="desktop-r7156g4\razvan" />
      <property name="toolVersion" value="2023.4" />
      <property name="sourceFile" value="runresults_10.xml" />
    </properties>
    <testcase name="myTest" classname="com.company.UFTDeveloperTest" time="8.55">
      <system-out>=== Steps ===
[2023-07-12 17:30:57] Browser.launch == Passed (0s)
			- arg0: CHROME
			-------------
			- type: Chrome
			- version: 114.0
			- max concurrent tests: 9.007199254740991E15
			- osVersion: 10
			- osType: Windows
			- name: DESKTOP-R7156G4
			- id: DESKTOP-R7156G4
[2023-07-12 17:31:01] about:blank.navigate == Passed (0.066s)
			- arg0: http://www.advantageonlineshopping.com
[2023-07-12 17:31:01] UserMenu.click == Passed (2.746s)
[2023-07-12 17:31:04] CREATE NEW ACCOUNT.click == Passed (0.061s)
[2023-07-12 17:31:04] usernameRegisterPage.setValue == Passed (0.561s)
			- arg0: demoUser
[2023-07-12 17:31:04] passwordRegisterPage.setSecure == Passed (0.049s)
			- arg0: 596f1409b156a60dc50592de897863e8d552
[2023-07-12 17:31:04] confirm_passwordRegisterPage.setSecure == Passed (0.079s)
			- arg0: 596f1409b156a60dc50592de897863e8d552
[2023-07-12 17:31:04] emailRegisterPage.setValue == Passed (0.081s)
			- arg0: demoUser@default.com
[2023-07-12 17:31:04] i_agree.set == Passed (0.055s)
			- arg0: true
[2023-07-12 17:31:05] Verification == Passed (0s)
			Verify property: isChecked
[2023-07-12 17:31:05] register_btn.click == Passed (0.062s)
[2023-07-12 17:31:05] Advantage Shopping.close == Passed (0.549s)</system-out>
    </testcase>
    <testcase name="myTest2" classname="com.company.UFTDeveloperTest" time="7.643">
      <system-out>=== Steps ===
[2023-07-12 17:31:05] Browser.launch == Passed (0s)
			- arg0: FIREFOX
			-------------
			- type: Mozilla Firefox
			- version: 115.0
			- max concurrent tests: 9.007199254740991E15
			- osVersion: 10
			- osType: Windows
			- name: DESKTOP-R7156G4
			- id: DESKTOP-R7156G4
[2023-07-12 17:31:07] New Tab.navigate == Passed (0.053s)
			- arg0: http://www.advantageonlineshopping.com
[2023-07-12 17:31:07] UserMenu.click == Passed (4.302s)
[2023-07-12 17:31:11] CREATE NEW ACCOUNT.click == Passed (0.064s)
[2023-07-12 17:31:11] usernameRegisterPage.setValue == Passed (0.614s)
			- arg0: demoUser
[2023-07-12 17:31:12] passwordRegisterPage.setSecure == Passed (0.079s)
			- arg0: 596f1409b156a60dc50592de897863e8d552
[2023-07-12 17:31:12] confirm_passwordRegisterPage.setSecure == Passed (0.062s)
			- arg0: 596f1409b156a60dc50592de897863e8d552
[2023-07-12 17:31:12] emailRegisterPage.setValue == Passed (0.061s)
			- arg0: demoUser@default.com
[2023-07-12 17:31:12] i_agree.set == Passed (0.078s)
			- arg0: true
[2023-07-12 17:31:12] Verification == Passed (0s)
			Verify property: isChecked
[2023-07-12 17:31:12] register_btn.click == Passed (0.061s)
[2023-07-12 17:31:12] Advantage Shopping.close == Passed (0.56s)</system-out>
    </testcase>
  </testsuite>
  <testsuite name="com.company.JUnit4" tests="1" failures="0" errors="0" skipped="0" time="9.855" package="com.company" id="15" hostname="DESKTOP-R7156G4" timestamp="2023-07-05T17:20:01">
    <properties>
      <property name="os" value="Windows_NT 10.0.22621" />
      <property name="user" value="desktop-r7156g4\razvan" />
      <property name="toolVersion" value="2023.4" />
      <property name="sourceFile" value="runresults_11.xml" />
    </properties>
    <testcase name="test3" classname="com.company.JUnit4" time="9.617">
      <system-out>=== Steps ===
[2023-07-05 17:20:01] Browser.launch == Passed (0s)
			- arg0: CHROME
			-------------
			- type: Chrome
			- version: 114.0
			- max concurrent tests: 9.007199254740991E15
			- osVersion: 10
			- osType: Windows
			- name: DESKTOP-R7156G4
			- id: DESKTOP-R7156G4
[2023-07-05 17:20:06] about:blank.navigate == Passed (0.045s)
			- arg0: https://pages.github.houston.softwaregrp.net/caf/ux-aspects-micro-focus/#/ui-components/input-controls
[2023-07-05 17:20:06] UX Aspects Documentation.refresh == Passed (3.138s)
[2023-07-05 17:20:09] WebCheckBox.set == Passed (1.649s)
			- arg0: true
[2023-07-05 17:20:11] WebCheckBox.set == Passed (0.07s)
			- arg0: true</system-out>
    </testcase>
  </testsuite>
  <testsuite name="com.company.iOS" tests="2" failures="0" errors="0" skipped="0" time="349.776" package="com.company" id="16" hostname="DESKTOP-36IMHQI" timestamp="2023-10-24T18:01:45">
    <properties>
      <property name="os" value="Windows_NT 10.0.22621" />
      <property name="user" value="desktop-36imhqi\razvan" />
      <property name="toolVersion" value="23.4" />
      <property name="sourceFile" value="runresults_12.xml" />
    </properties>
    <testcase name="oicObjects" classname="com.company.iOS" time="16.323">
      <system-out>=== Steps ===
[2023-10-24 18:01:45] Device.Lock == Passed (0s)
			- id: b152df0830dbfec12debe00cfe30b0c78631a62e
			- name: iPhone
			- model: iPhone 6s
			- manufacturer: Apple
			- os type: IOS
			- os version: 15.7.2</system-out>
    </testcase>
    <testcase name="recordTest" classname="com.company.iOS" time="333.194">
      <system-out>=== Steps ===
[2023-10-24 18:02:01] Device.Lock == Passed (0s)
			- arg0: b152df0830dbfec12debe00cfe30b0c78631a62e
			-------------
			- id: b152df0830dbfec12debe00cfe30b0c78631a62e
			- name: iPhone
			- model: iPhone 6s
			- manufacturer: Apple
			- os type: IOS
			- os version: 15.7.2
[2023-10-24 18:02:07] [Application].kill == Passed (0.682s)
[2023-10-24 18:02:08] UICatalog8_NI.launch == Passed (8.842s)
[2023-10-24 18:02:16] UICatalog.tap == Passed (1.307s)
[2023-10-24 18:02:18] Activity Indicators.tap == Passed (3.481s)
[2023-10-24 18:02:21] In progress.tap == Passed (1.575s)
[2023-10-24 18:02:23] In progress.tap == Passed (2.143s)
[2023-10-24 18:02:25] UICatalog.tap == Passed (1.439s)
[2023-10-24 18:02:26] Alert Controller.tap == Passed (3.507s)
[2023-10-24 18:02:30] Simple.tap == Passed (1.831s)
[2023-10-24 18:02:32] OK.tap == Passed (3.872s)
[2023-10-24 18:02:36] Other.tap == Passed (2.854s)
[2023-10-24 18:02:39] Safe Choice.tap == Passed (1.678s)
[2023-10-24 18:02:40] UICatalog.tap == Passed (1.923s)
[2023-10-24 18:02:42] AAPLButtonViewController.tap == Passed (3.522s)
[2023-10-24 18:02:46] Button.tap == Passed (1.946s)
[2023-10-24 18:02:48] add.tap == Passed (2.702s)
[2023-10-24 18:02:50] More Info.tap == Passed (2.919s)
[2023-10-24 18:02:53] X Button.tap == Passed (3.032s)
[2023-10-24 18:02:56] Button.tap == Passed (3.407s)
[2023-10-24 18:03:00] MobileButton.tap == Passed (3.736s)
[2023-10-24 18:03:03] UICatalog.tap == Passed (1.742s)
[2023-10-24 18:03:05] Date Picker.tap == Passed (3.56s)
[2023-10-24 18:03:09] UICatalog.tap == Passed (1.365s)
[2023-10-24 18:03:10] Page Control.tap == Passed (3.639s)
[2023-10-24 18:03:14] MobilePager.set == Passed (1.47s)
			- arg0: 3
[2023-10-24 18:03:15] MobileObject.tap == Passed (1.535s)
[2023-10-24 18:03:17] UICatalog.tap == Passed (1.319s)
[2023-10-24 18:03:18] Picker View.tap == Passed (3.441s)
[2023-10-24 18:03:21] MobileDropDown.select == Passed (7.66s)
			- arg0: 65
			- arg1: 210
			- arg2: 120
[2023-10-24 18:03:29] MobileDropDown.select == Passed (7.787s)
			- arg0: 70
			- arg1: 210
			- arg2: 120
[2023-10-24 18:03:37] colorSwatchView.tap == Passed (1.889s)
[2023-10-24 18:03:39] UICatalog.tap == Passed (1.854s)
[2023-10-24 18:03:41] Progress Views.tap == Passed (3.337s)
[2023-10-24 18:03:44] Progress.tap == Passed (3.952s)
[2023-10-24 18:03:48] Progress.tap == Passed (1.914s)
[2023-10-24 18:03:50] UICatalog.tap == Passed (1.485s)
[2023-10-24 18:03:51] AAPLSegmentedControlViewController.tap == Passed (3.47s)
[2023-10-24 18:03:55] MobileRadioGroup.select == Passed (2.352s)
			- arg0: Check
[2023-10-24 18:03:57] MobileRadioGroup.select == Passed (1.902s)
			- arg0: Tools
[2023-10-24 18:03:59] UICatalog.tap == Passed (1.409s)
[2023-10-24 18:04:00] MobileList.select == Passed (3.591s)
			- arg0: 0
			- arg1: 9
[2023-10-24 18:04:04] MobileSlider.setPosition == Passed (2.108s)
			- arg0: 54.0
[2023-10-24 18:04:06] UICatalog.tap == Passed (1.499s)
[2023-10-24 18:04:08] AAPLStepperViewController.tap == Passed (3.636s)
[2023-10-24 18:04:11] Increment.tap == Passed (1.7s)
[2023-10-24 18:04:13] Increment.tap == Passed (1.694s)
[2023-10-24 18:04:15] UICatalog.tap == Passed (1.505s)
[2023-10-24 18:04:16] Switches.tap == Passed (3.388s)
[2023-10-24 18:04:20] MobileToggle.set == Passed (1.489s)
			- arg0: false
[2023-10-24 18:04:21] UICatalog.tap == Passed (1.407s)
[2023-10-24 18:04:22] AAPLTextFieldViewController.tap == Passed (3.284s)
[2023-10-24 18:04:26] UICatalog8_NI.launch == Passed (4.565s)
[2023-10-24 18:04:30] defaultTF.tap == Passed (2.161s)
[2023-10-24 18:04:33] Device.sendString == Passed (0.994s)
			- arg0: cheks
[2023-10-24 18:04:34] done.tap == Passed (2.089s)
[2023-10-24 18:04:36] UICatalog.tap == Passed (1.872s)
[2023-10-24 18:04:37] Text View.tap == Passed (3.353s)
[2023-10-24 18:04:41] MobileEdit.tap == Passed (1.473s)
[2023-10-24 18:04:42] UICatalog.tap == Passed (1.719s)
[2023-10-24 18:04:44] MobileList.swipe == Passed (2.622s)
			- arg0: UP
[2023-10-24 18:04:47] AAPLWebViewController.tap == Passed (3.362s)
[2023-10-24 18:04:50] UICatalog.tap == Passed (4.407s)
[2023-10-24 18:04:54] Search.tap == Passed (3.219s)
[2023-10-24 18:04:58] Default.tap == Passed (1.99s)
[2023-10-24 18:05:00] scopeBar.select == Passed (1.906s)
			- arg0: Scope One
[2023-10-24 18:05:02] MobileEdit.tap == Passed (1.299s)
[2023-10-24 18:05:03] Device.sendString == Passed (0.916s)
			- arg0: Searc
[2023-10-24 18:05:04] Device.sendKey == Passed (0.714s)
			- arg0: ENTER
[2023-10-24 18:05:04] Search.tap == Passed (1.35s)
[2023-10-24 18:05:06] UICatalog.tap == Passed (1.768s)
[2023-10-24 18:05:08] Toolbars.tap == Passed (3.029s)
[2023-10-24 18:05:11] Default.tap == Passed (1.688s)
[2023-10-24 18:05:12] Toolbar Info.tap == Passed (1.297s)
[2023-10-24 18:05:14] Action.tap == Passed (1.434s)
[2023-10-24 18:05:15] Toolbars.tap == Passed (1.3s)
[2023-10-24 18:05:16] UICatalog.tap == Passed (1.546s)
[2023-10-24 18:05:18] Add Contacts.tap == Passed (3.071s)
[2023-10-24 18:05:21] Open Add Contacts.tap == Passed (1.567s)
[2023-10-24 18:05:22] Device.sendString == Passed (0.987s)
			- arg0: UftD
[2023-10-24 18:05:23] return.tap == Passed (2.398s)
[2023-10-24 18:05:26] Done.tap == Passed (2.019s)
[2023-10-24 18:05:28] UICatalog.tap == Passed (1.378s)
[2023-10-24 18:05:29] Collection View.tap == Passed (3.088s)
[2023-10-24 18:05:32] MobileObject.tap == Passed (1.803s)
[2023-10-24 18:05:34] MobileObject.tap == Passed (1.864s)
[2023-10-24 18:05:36] UICatalog.tap == Passed (1.563s)
[2023-10-24 18:05:38] Scroll View.tap == Passed (3.077s)
[2023-10-24 18:05:41] MobileView.swipe == Passed (2.022s)
			- arg0: UP
[2023-10-24 18:05:43] MobileView.tap == Passed (1.624s)
[2023-10-24 18:05:44] UICatalog.tap == Passed (1.664s)
[2023-10-24 18:05:46] Map View.tap == Passed (3.786s)
[2023-10-24 18:05:50] MobileObject.tap == Passed (1.5s)
[2023-10-24 18:05:51] UICatalog.tap == Passed (1.604s)
[2023-10-24 18:05:53] Authentication.tap == Passed (3.305s)
[2023-10-24 18:05:56] Try to authenticate.tap == Passed (1.311s)
[2023-10-24 18:05:57] OK.tap == Passed (3.875s)
[2023-10-24 18:06:01] UICatalog.tap == Passed (1.552s)
[2023-10-24 18:06:03] AVCapture Camera.tap == Passed (3.155s)
[2023-10-24 18:06:06] MobileObject.tap == Passed (1.877s)
[2023-10-24 18:06:08] Take Photo.tap == Passed (1.556s)
[2023-10-24 18:06:10] UICatalog.tap == Passed (1.914s)
[2023-10-24 18:06:11] Bar Code.tap == Passed (4.572s)
[2023-10-24 18:06:16] MobileObject.tap == Passed (2.18s)
[2023-10-24 18:06:18] Message.tap == Passed (1.83s)
[2023-10-24 18:06:20] UICatalog.tap == Passed (1.919s)
[2023-10-24 18:06:22] MobileList.swipe == Passed (3.882s)
			- arg0: UP
[2023-10-24 18:06:26] Safari View Controller.tap == Passed (5.569s)
[2023-10-24 18:06:31] UICatalog.tap == Passed (1.595s)
[2023-10-24 18:06:33] Camera View Controller.tap == Passed (3.777s)
[2023-10-24 18:06:37] Take Picture.tap == Passed (1.958s)
[2023-10-24 18:06:39] Retake.tap == Passed (4.747s)
[2023-10-24 18:06:43] Cancel.tap == Passed (2.027s)
[2023-10-24 18:06:45] UICatalog.tap == Passed (1.696s)
[2023-10-24 18:06:47] WKWebview View Controller.tap == Passed (4.022s)
[2023-10-24 18:06:51] UICatalog.tap == Passed (1.416s)
[2023-10-24 18:06:53] Sections.tap == Passed (3.114s)
[2023-10-24 18:06:56] MobileList.select == Passed (2.664s)
			- arg0: 1
			- arg1: 0
[2023-10-24 18:06:58] MobileList.select == Passed (3.466s)
			- arg0: 1
			- arg1: 3
[2023-10-24 18:07:02] UICatalog.tap == Passed (1.897s)
[2023-10-24 18:07:04] Sections without first section.tap == Passed (3.536s)
[2023-10-24 18:07:07] Section 2 row 0.tap == Passed (3.832s)
[2023-10-24 18:07:11] UICatalog.tap == Passed (2.04s)
[2023-10-24 18:07:13] Multiple WebViews.tap == Passed (3.263s)
[2023-10-24 18:07:16] Button Index 1.tap == Passed (1.635s)
[2023-10-24 18:07:18] Label Index 0.tap == Passed (1.712s)
[2023-10-24 18:07:20] UICatalog.tap == Passed (1.647s)
[2023-10-24 18:07:21] PhotoViewController.tap == Passed (2.999s)
[2023-10-24 18:07:24] UICatalog.tap == Passed (1.433s)
[2023-10-24 18:07:26] ColorPickerViewController.tap == Passed (3.121s)
[2023-10-24 18:07:29] Validate the properties of dark purple 30 == Passed (5.33s)
[2023-10-24 18:07:29] Verification == Passed (0s)
			Verify property: accessibilityId
[2023-10-24 18:07:29] Verification == Passed (0s)
			Verify property: text
[2023-10-24 18:07:29] UICatalog.tap == Passed (2.005s)
[2023-10-24 18:07:31] MobileList.swipe == Passed (2.424s)
			- arg0: DOWN
[2023-10-24 18:07:33] Device.home == Passed (0.835s)</system-out>
    </testcase>
  </testsuite>
  <testsuite name="com.company.UFTDeveloperTest" tests="1" failures="0" errors="0" skipped="0" time="44.372" package="com.company" id="17" hostname="DESKTOP-R7156G4" timestamp="2023-06-22T16:40:02">
    <properties>
      <property name="os" value="Windows_NT 10.0.22621" />
      <property name="user" value="desktop-r7156g4\razvan" />
      <property name="toolVersion" value="2023.4" />
      <property name="sourceFile" value="runresults_13.xml" />
    </properties>
    <testcase name="test" classname="com.company.UFTDeveloperTest" time="44.205">
      <system-out>=== Steps ===
[2023-06-22 16:40:02] Session.launch == Passed (0s)
			- arg0: CALDERONE
			- arg1: 800
			- arg2: qa01
			- arg3: 55c1b303f6a77cb79fcbb321af78eed77befc906
			- arg4: EN
[2023-06-22 16:40:11] SAP Easy Access.activate == Passed (0.064s)
[2023-06-22 16:40:11] OKCode.setValue == Passed (0.042s)
			- arg0: dwdm
[2023-06-22 16:40:13] Enter (Enter).click == Passed (1.752s)
[2023-06-22 16:40:15] TextAreaControl.setText == Passed (0.153s)
			- arg0: test
[2023-06-22 16:40:15] Log off.click == Passed (0.733s)
[2023-06-22 16:40:16] OKCode.setValue == Passed (0.089s)
			- arg0: pa20
[2023-06-22 16:40:16] Enter (Enter).click == Passed (2.352s)
[2023-06-22 16:40:18] ToolBarControl.pressButton == Passed (0.29s)
			- arg0: 1
[2023-06-22 16:40:18] MENU_TABSTRIP.select == Passed (0.653s)
			- arg0: Basic contract data
[2023-06-22 16:40:19] Personnel no..setText == Passed (0.293s)
			- arg0: test
[2023-06-22 16:40:19] GridViewCtrl.activateColumn == Passed (1.027s)
			- arg0: 1
[2023-06-22 16:40:22] SAPMP50ATC_MENU.selectRow == Passed (0.352s)
			- arg0: 1
[2023-06-22 16:40:22] Today.set == Passed (0.217s)
[2023-06-22 16:40:23] Log off.click == Passed (0.969s)
[2023-06-22 16:40:23] OKCode.setValue == Passed (0.089s)
			- arg0: bibs
[2023-06-22 16:40:24] Enter (Enter).click == Passed (1.157s)
[2023-06-22 16:40:25] User Interface Design: Initial Screen Normal.sendKey == Passed (0.511s)
			- arg0: SHIFT_F7
[2023-06-22 16:40:25] Next screen (Shift+F7).click == Passed (0.58s)
[2023-06-22 16:40:26] Next screen (Shift+F7).click == Passed (0.637s)
[2023-06-22 16:40:26] Next screen (Shift+F7).click == Passed (0.714s)
[2023-06-22 16:40:27] Next screen (Shift+F7).click == Passed (0.609s)
[2023-06-22 16:40:28] Next screen (Shift+F7).click == Passed (0.625s)
[2023-06-22 16:40:28] Parked items.set == Passed (0.188s)
			- arg0: false
			- arg1: true
[2023-06-22 16:40:29] Next screen (Shift+F7).click == Passed (0.605s)
[2023-06-22 16:40:29] Next screen (Shift+F7).click == Passed (0.683s)
[2023-06-22 16:40:30] Next screen (Shift+F7).click == Passed (0.757s)
[2023-06-22 16:40:31] Next screen (Shift+F7).click == Passed (0.622s)
[2023-06-22 16:40:31] Next screen (Shift+F7).click == Passed (0.698s)
[2023-06-22 16:40:32] Next screen (Shift+F7).click == Passed (0.699s)
[2023-06-22 16:40:33] Next screen (Shift+F7).click == Passed (0.637s)
[2023-06-22 16:40:33] Next screen (Shift+F7).click == Passed (0.702s)
[2023-06-22 16:40:34] Next screen (Shift+F7).click == Passed (0.714s)
[2023-06-22 16:40:35] Next screen (Shift+F7).click == Passed (0.653s)
[2023-06-22 16:40:35] Next screen (Shift+F7).click == Passed (0.676s)
[2023-06-22 16:40:36] Next screen (Shift+F7).click == Passed (0.657s)
[2023-06-22 16:40:37] Next screen (Shift+F7).click == Passed (0.641s)
[2023-06-22 16:40:37] Next screen (Shift+F7).click == Passed (0.741s)
[2023-06-22 16:40:38] Next screen (Shift+F7).click == Passed (0.683s)
[2023-06-22 16:40:39] Next screen (Shift+F7).click == Passed (0.61s)
[2023-06-22 16:40:39] Next screen (Shift+F7).click == Passed (0.911s)
[2023-06-22 16:40:40] Next screen (Shift+F7).click == Passed (1.585s)
[2023-06-22 16:40:42] Next screen (Shift+F7).click == Passed (0.755s)
[2023-06-22 16:40:43] Next screen (Shift+F7).click == Passed (0.863s)
[2023-06-22 16:40:43] Next screen (Shift+F7).click == Passed (0.73s)
[2023-06-22 16:40:44] Next screen (Shift+F7).click == Passed (0.709s)
[2023-06-22 16:40:45] Next screen (Shift+F7).click == Passed (0.604s)
[2023-06-22 16:40:46] Country.select == Passed (0.123s)
			- arg0: 2
[2023-06-22 16:40:46] Session.close == Passed (0.65s)</system-out>
    </testcase>
  </testsuite>
  <testsuite name="DataDrivenTests" tests="9" failures="0" errors="0" skipped="0" time="10" package="MSTest403" id="18" hostname="uftdeveloper-virtual-machine" timestamp="2025-10-10T15:21:36">
    <properties>
      <property name="os" value="Linux 6.8.0-40-generic" />
      <property name="user" value="uftdeveloper" />
      <property name="toolVersion" value="25.4" />
      <property name="sourceFile" value="runresults_14.xml" />
    </properties>
    <testcase name="AddTest(&quot;1&quot;, &quot;2&quot;, &quot;3&quot;)" classname="DataDrivenTests" time="1" />
    <testcase name="AddTest(&quot;3&quot;, &quot;3&quot;, &quot;6&quot;)" classname="DataDrivenTests" time="1" />
    <testcase name="AddTest(&quot;4&quot;, &quot;5&quot;, &quot;9&quot;)" classname="DataDrivenTests" time="1" />
    <testcase name="MultiplyTest(&quot;1&quot;, &quot;2&quot;, &quot;2&quot;)" classname="DataDrivenTests" time="1" />
    <testcase name="MultiplyTest(&quot;4&quot;, &quot;5&quot;, &quot;20&quot;)" classname="DataDrivenTests" time="1" />
    <testcase name="MultiplyTest(&quot;3&quot;, &quot;3&quot;, &quot;9&quot;)" classname="DataDrivenTests" time="1" />
    <testcase name="WebTest(&quot;https://www.google.ro&quot;, &quot;1&quot;, &quot;google&quot;)" classname="DataDrivenTests" time="3">
      <system-out>=== Steps ===
[2025-10-10 15:21:36] Browser.Launch == Passed (0s)
			- browserType: Chrome
			-------------
			- Type: Chrome
			- Version: 127.0
			- id: uftdeveloper-virtual-machine
			- osType: Linux
			- osVersion: 6.8.0-40-generic
			- name: uftdeveloper-virtual-machine
			- max concurrent tests: 9007199254740991
[2025-10-10 15:21:37] about:blank.Navigate == Passed (1s)
			- url: https://www.google.ro
[2025-10-10 15:21:37] Google.Sync == Passed (2s)
[2025-10-10 15:21:39] Google.Close == Passed (1s)</system-out>
    </testcase>
    <testcase name="WebTest(&quot;https://www.yahoo.fr&quot;, &quot;2&quot;, &quot;yahoo&quot;)" classname="DataDrivenTests" time="5">
      <system-out>=== Steps ===
[2025-10-10 15:21:39] Browser.Launch == Passed (0s)
			- browserType: Chrome
			-------------
			- Type: Chrome
			- Version: 127.0
			- id: uftdeveloper-virtual-machine
			- osType: Linux
			- osVersion: 6.8.0-40-generic
			- name: uftdeveloper-virtual-machine
			- max concurrent tests: 9007199254740991
[2025-10-10 15:21:40] about:blank.Navigate == Passed (1s)
			- url: https://www.yahoo.fr
[2025-10-10 15:21:40] Yahoo fait partie de la famille de marques Yahoo..Sync == Passed (4s)
[2025-10-10 15:21:43] Yahoo fait partie de la famille de marques Yahoo..Close == Passed (1s)</system-out>
    </testcase>
    <testcase name="WebTest(&quot;https://www.emag.ro&quot;, &quot;3&quot;, &quot;emag&quot;)" classname="DataDrivenTests" time="4">
      <system-out>=== Steps ===
[2025-10-10 15:21:43] Browser.Launch == Passed (0s)
			- browserType: Chrome
			-------------
			- Type: Chrome
			- Version: 127.0
			- id: uftdeveloper-virtual-machine
			- osType: Linux
			- osVersion: 6.8.0-40-generic
			- name: uftdeveloper-virtual-machine
			- max concurrent tests: 9007199254740991
[2025-10-10 15:21:44] about:blank.Navigate == Passed (1s)
			- url: https://www.emag.ro
[2025-10-10 15:21:44] eMAG.ro - Căutarea nu se oprește niciodată.Sync == Passed (3s)
[2025-10-10 15:21:46] eMAG.ro - Căutarea nu se oprește niciodată.Close == Passed (1s)</system-out>
    </testcase>
  </testsuite>
  <testsuite name="ImageTests" tests="15" failures="4" errors="0" skipped="0" time="137" package="MSTest438" id="19" hostname="Dorin-VM1" timestamp="2025-10-08T22:02:41">
    <properties>
      <property name="os" value="Windows 10 Pro N 22H2 (x64)" />
      <property name="user" value="dorin-vm1\dbogdan" />
      <property name="toolVersion" value="25.2" />
      <property name="sourceFile" value="runresults_15.xml" />
    </properties>
    <testcase name="TestGetSnapshot" classname="ImageTests" time="3">
      <system-out>=== Steps ===
[2025-10-08 22:02:41] about:blank.Navigate == Passed (1s)
			- url: https://www.advantageonlineshopping.com/catalog/fetchImage?image_id=3100
[2025-10-08 22:02:41] fetchImage (573×430).Sync == Passed (2s)</system-out>
    </testcase>
    <testcase name="TestGetTextLocations" classname="ImageTests" time="7">
      <failure message="FTd test marked as Failed." />
      <system-out>=== Steps ===
[2025-10-08 22:02:44] fetchImage (573×430).Navigate == Passed (1s)
			- url: https://www.advantageonlineshopping.com/#/product/29
[2025-10-08 22:02:44] Advantage Shopping.Sync == Passed (2s)</system-out>
      <system-err><![CDATA[--- Test ErrorText ---
HP.LFT.Communication.SocketClient.CommunicationException: failed to find correct BindingFlags for method: GetTestObjectTextLocationsFromBase64Bitmap, received response status: -123
   at HP.LFT.Communication.Client.LftCommunicationClient.&lt;SendAsync&gt;b__28_0(Task`1 sendTask)
   at System.Threading.Tasks.ContinuationResultTaskFromResultTask`2.InnerInvoke()
   at System.Threading.ExecutionContext.RunFromThreadPoolDispatchLoop(Thread threadPoolThread, ExecutionContext executionContext, ContextCallback callback, Object state)
   at System.Threading.ExecutionContext.RunFromThreadPoolDispatchLoop(Thread threadPoolThread, ExecutionContext executionContext, ContextCallback callback, Object state)
   at System.Threading.Tasks.Task.ExecuteWithThreadLocal(Task&amp; currentTaskSlot, Thread threadPoolThread)
... (truncated 17 more frame(s))]]></system-err>
    </testcase>
    <testcase name="TestGetVisibleText" classname="ImageTests" time="9">
      <failure message="FTd test marked as Failed." />
      <system-out>=== Steps ===
[2025-10-08 22:02:50] Advantage Shopping.Navigate == Passed (1s)
			- url: https://www.advantageonlineshopping.com
[2025-10-08 22:02:50] Advantage Shopping.Sync == Passed (1s)
[2025-10-08 22:02:55] Advantage Shopping.Sync == Passed (1s)</system-out>
      <system-err><![CDATA[--- Test ErrorText ---
HP.LFT.Communication.SocketClient.CommunicationException: Unspecified error (Exception from HRESULT: 0x80004005 (E_FAIL)), received response status: -110
   at HP.LFT.Communication.Client.LftCommunicationClient.&lt;SendAsync&gt;b__28_0(Task`1 sendTask)
   at System.Threading.Tasks.ContinuationResultTaskFromResultTask`2.InnerInvoke()
   at System.Threading.ExecutionContext.RunFromThreadPoolDispatchLoop(Thread threadPoolThread, ExecutionContext executionContext, ContextCallback callback, Object state)
   at System.Threading.ExecutionContext.RunFromThreadPoolDispatchLoop(Thread threadPoolThread, ExecutionContext executionContext, ContextCallback callback, Object state)
   at System.Threading.Tasks.Task.ExecuteWithThreadLocal(Task&amp; currentTaskSlot, Thread threadPoolThread)
... (truncated 17 more frame(s))]]></system-err>
    </testcase>
    <testcase name="TestVerifyImageExists" classname="ImageTests" time="8">
      <system-out>=== Steps ===
[2025-10-08 22:02:58] Advantage Shopping.Navigate == Passed (1s)
			- url: https://www.advantageonlineshopping.com
[2025-10-08 22:02:58] Advantage Shopping.Sync == Passed (1s)</system-out>
    </testcase>
    <testcase name="TestVerifyImageExists2" classname="ImageTests" time="7">
      <system-out>=== Steps ===
[2025-10-08 22:03:06] Advantage Shopping.Navigate == Passed (1s)
			- url: https://www.advantageonlineshopping.com
[2025-10-08 22:03:06] Advantage Shopping.Sync == Passed (1s)</system-out>
    </testcase>
    <testcase name="TestVerifyImageMatch" classname="ImageTests" time="12">
      <system-out>=== Steps ===
[2025-10-08 22:03:12] Advantage Shopping.Navigate == Passed (1s)
			- url: https://www.advantageonlineshopping.com
[2025-10-08 22:03:12] Advantage Shopping.Sync == Passed (1s)
[2025-10-08 22:03:21] Advantage Shopping.Sync == Passed (1s)</system-out>
    </testcase>
    <testcase name="TestVerifyImageMatch2" classname="ImageTests" time="12">
      <system-out>=== Steps ===
[2025-10-08 22:03:24] Advantage Shopping.Navigate == Passed (1s)
			- url: https://www.advantageonlineshopping.com
[2025-10-08 22:03:24] Advantage Shopping.Sync == Passed (1s)
[2025-10-08 22:03:32] Advantage Shopping.Sync == Passed (1s)</system-out>
    </testcase>
    <testcase name="TestLocateImage" classname="ImageTests" time="12">
      <system-out>=== Steps ===
[2025-10-08 22:03:35] Advantage Shopping.Navigate == Passed (1s)
			- url: https://www.advantageonlineshopping.com
[2025-10-08 22:03:35] Advantage Shopping.Sync == Passed (1s)
[2025-10-08 22:03:47] Advantage Shopping.Sync == Passed (1s)</system-out>
    </testcase>
    <testcase name="TestLocateImage2" classname="ImageTests" time="12">
      <system-out>=== Steps ===
[2025-10-08 22:03:47] Advantage Shopping.Navigate == Passed (1s)
			- url: https://www.advantageonlineshopping.com
[2025-10-08 22:03:47] Advantage Shopping.Sync == Passed (1s)
[2025-10-08 22:03:58] Advantage Shopping.Sync == Passed (1s)</system-out>
    </testcase>
    <testcase name="TestGetImageLocations" classname="ImageTests" time="12">
      <system-out>=== Steps ===
[2025-10-08 22:03:58] Advantage Shopping.Navigate == Passed (1s)
			- url: https://www.advantageonlineshopping.com
[2025-10-08 22:03:58] Advantage Shopping.Sync == Passed (1s)</system-out>
    </testcase>
    <testcase name="TestCompareImages" classname="ImageTests" time="14">
      <system-out>=== Steps ===
[2025-10-08 22:04:09] Advantage Shopping.Navigate == Passed (1s)
			- url: https://www.advantageonlineshopping.com
[2025-10-08 22:04:09] Advantage Shopping.Sync == Passed (1s)</system-out>
    </testcase>
    <testcase name="TestCompareImages2" classname="ImageTests" time="5">
      <system-out>=== Steps ===
[2025-10-08 22:04:23] Advantage Shopping.Navigate == Passed (1s)
			- url: https://www.advantageonlineshopping.com
[2025-10-08 22:04:23] Advantage Shopping.Sync == Passed (1s)</system-out>
    </testcase>
    <testcase name="TestGetText" classname="ImageTests" time="12">
      <failure message="FTd test marked as Failed." />
      <system-out>=== Steps ===
[2025-10-08 22:04:27] Advantage Shopping.Navigate == Passed (1s)
			- url: https://www.advantageonlineshopping.com
[2025-10-08 22:04:27] Advantage Shopping.Sync == Passed (1s)</system-out>
      <system-err><![CDATA[--- Test ErrorText ---
HP.LFT.Communication.SocketClient.CommunicationException: Unspecified error (Exception from HRESULT: 0x80004005 (E_FAIL)), received response status: -110
   at HP.LFT.Communication.Client.LftCommunicationClient.&lt;SendAsync&gt;b__28_0(Task`1 sendTask)
   at System.Threading.ExecutionContext.RunFromThreadPoolDispatchLoop(Thread threadPoolThread, ExecutionContext executionContext, ContextCallback callback, Object state)
   at System.Threading.ExecutionContext.RunFromThreadPoolDispatchLoop(Thread threadPoolThread, ExecutionContext executionContext, ContextCallback callback, Object state)
   at System.Threading.Tasks.Task.ExecuteWithThreadLocal(Task&amp; currentTaskSlot, Thread threadPoolThread)
   at HP.LFT.Communication.Client.LftCommunicationClient.Send(String messageType, IDictionary`2 data, Object sessionId)
... (truncated 16 more frame(s))]]></system-err>
    </testcase>
    <testcase name="TestLocateText" classname="ImageTests" time="9">
      <failure message="FTd test marked as Failed." />
      <system-out>=== Steps ===
[2025-10-08 22:04:39] Advantage Shopping.Navigate == Passed (1s)
			- url: https://www.advantageonlineshopping.com
[2025-10-08 22:04:39] Advantage Shopping.Sync == Passed (1s)
[2025-10-08 22:04:44] Advantage Shopping.Sync == Passed (1s)</system-out>
      <system-err><![CDATA[--- Test ErrorText ---
HP.LFT.Communication.SocketClient.CommunicationException: failed to find correct BindingFlags for method: GetTestObjectTextLocationsFromBase64Bitmap, received response status: -123
   at HP.LFT.Communication.Client.LftCommunicationClient.&lt;SendAsync&gt;b__28_0(Task`1 sendTask)
   at System.Threading.ExecutionContext.RunFromThreadPoolDispatchLoop(Thread threadPoolThread, ExecutionContext executionContext, ContextCallback callback, Object state)
   at System.Threading.ExecutionContext.RunFromThreadPoolDispatchLoop(Thread threadPoolThread, ExecutionContext executionContext, ContextCallback callback, Object state)
   at System.Threading.Tasks.Task.ExecuteWithThreadLocal(Task&amp; currentTaskSlot, Thread threadPoolThread)
   at HP.LFT.Communication.Client.LftCommunicationClient.Send(String messageType, IDictionary`2 data, Object sessionId)
... (truncated 16 more frame(s))]]></system-err>
    </testcase>
    <testcase name="TestDrawImage" classname="ImageTests" time="10">
      <system-out>=== Steps ===
[2025-10-08 22:04:48] Advantage Shopping.Navigate == Passed (1s)
			- url: https://www.advantageonlineshopping.com
[2025-10-08 22:04:48] Advantage Shopping.Sync == Passed (1s)
[2025-10-08 22:04:50] POPULAR ITEMS.Click == Passed (1s)
			- button: Left
[2025-10-08 22:04:50] Advantage Shopping.Sync == Passed (1s)</system-out>
    </testcase>
  </testsuite>
  <testsuite name="ImageTests" tests="15" failures="4" errors="0" skipped="0" time="94" package="MSTestNetFramework" id="20" hostname="Dorin-VM1" timestamp="2025-10-08T22:44:05">
    <properties>
      <property name="os" value="Windows 10 Pro N 22H2 (x64)" />
      <property name="user" value="dorin-vm1\dbogdan" />
      <property name="toolVersion" value="25.2" />
      <property name="sourceFile" value="runresults_16.xml" />
    </properties>
    <testcase name="TestCompareImages" classname="ImageTests" time="9">
      <system-out>=== Steps ===
[2025-10-08 22:44:06] about:blank.Navigate == Passed (1s)
			- url: https://www.advantageonlineshopping.com
[2025-10-08 22:44:06] Advantage Shopping.Sync == Passed (1s)</system-out>
    </testcase>
    <testcase name="TestCompareImages2" classname="ImageTests" time="5">
      <system-out>=== Steps ===
[2025-10-08 22:44:14] Advantage Shopping.Navigate == Passed (1s)
			- url: https://www.advantageonlineshopping.com
[2025-10-08 22:44:14] Advantage Shopping.Sync == Passed (1s)</system-out>
    </testcase>
    <testcase name="TestDrawImage" classname="ImageTests" time="7">
      <system-out>=== Steps ===
[2025-10-08 22:44:18] Advantage Shopping.Navigate == Passed (1s)
			- url: https://www.advantageonlineshopping.com
[2025-10-08 22:44:18] Advantage Shopping.Sync == Passed (1s)
[2025-10-08 22:44:21] POPULAR ITEMS.Click == Passed (1s)
			- button: Left
[2025-10-08 22:44:21] Advantage Shopping.Sync == Passed (1s)</system-out>
    </testcase>
    <testcase name="TestGetImageLocations" classname="ImageTests" time="6">
      <system-out>=== Steps ===
[2025-10-08 22:44:25] Advantage Shopping.Navigate == Passed (1s)
			- url: https://www.advantageonlineshopping.com
[2025-10-08 22:44:25] Advantage Shopping.Sync == Passed (1s)</system-out>
    </testcase>
    <testcase name="TestGetSnapshot" classname="ImageTests" time="2">
      <system-out>=== Steps ===
[2025-10-08 22:44:31] Advantage Shopping.Navigate == Passed (1s)
			- url: https://www.advantageonlineshopping.com/catalog/fetchImage?image_id=3100
[2025-10-08 22:44:31] fetchImage (573×430).Sync == Passed (1s)</system-out>
    </testcase>
    <testcase name="TestGetText" classname="ImageTests" time="9">
      <failure message="FTd Failed: 1 failing step(s)">Image Utility.GetText: Operation 'Image Utility.GetText' failed: HP.LFT.SDK.GeneralReplayException: Unspecified error (Exception from HRESULT: 0x80004005 (E_FAIL))</failure>
      <system-out>=== Steps ===
[2025-10-08 22:44:33] fetchImage (573×430).Navigate == Passed (1s)
			- url: https://www.advantageonlineshopping.com
[2025-10-08 22:44:33] Advantage Shopping.Sync == Passed (1s)
[2025-10-08 22:44:41] Image Utility.GetText == Failed (0s)
			- image: 
			- textArea: {X=-1,Y=-1,Width=0,Height=0}</system-out>
      <system-err><![CDATA[--- Test ErrorText ---
Operation 'TestGetText' failed:HP.LFT.SDK.GeneralReplayException: Unspecified error (Exception from HRESULT: 0x80004005 (E_FAIL))
   at HP.LFT.SDK.Core.ClassModel.TestObjectExecuterBase.HandleReplayError(Int32 errorCode, IDictionary`2 data)
   at HP.LFT.SDK.Core.Communication.CommunicationClient.HandleError(Action`2 onError, Int32 status, IDictionary`2 data)
   at HP.LFT.SDK.Core.Communication.CommunicationClient.Send(String messageType, IDictionary`2 data, Action`2 onError)
   at HP.LFT.SDK.UtilityObjectExecuter.ExecuteMethod[TResult](UtilityObjectCommandTypes commandType, String methodName, ITestObject testObject, Object[] arguments)
   at HP.LFT.SDK.Utils.ImageUtils.&lt;&gt;c__DisplayClass7_0.&lt;GetText&gt;b__0()
... (truncated 5 more frame(s))
--- Failed / Error Steps ---
- Image Utility.GetText == Failed (0s) @ 2025-10-08 22:44:41
  ErrorText:
    Operation 'Image Utility.GetText' failed:HP.LFT.SDK.GeneralReplayException: Unspecified error (Exception from HRESULT: 0x80004005 (E_FAIL))
       at HP.LFT.SDK.Core.ClassModel.TestObjectExecuterBase.HandleReplayError(Int32 errorCode, IDictionary`2 data)
       at HP.LFT.SDK.Core.Communication.CommunicationClient.HandleError(Action`2 onError, Int32 status, IDictionary`2 data)
       at HP.LFT.SDK.Core.Communication.CommunicationClient.Send(String messageType, IDictionary`2 data, Action`2 onError)
       at HP.LFT.SDK.UtilityObjectExecuter.ExecuteMethod[TResult](UtilityObjectCommandTypes commandType, String methodName, ITestObject testObject, Object[] arguments)
       at HP.LFT.SDK.Utils.ImageUtils.&lt;&gt;c__DisplayClass7_0.&lt;GetText&gt;b__0()
    ... (truncated 5 more frame(s))]]></system-err>
    </testcase>
    <testcase name="TestGetTextLocations" classname="ImageTests" time="5">
      <failure message="FTd test marked as Failed." />
      <system-out>=== Steps ===
[2025-10-08 22:44:41] Advantage Shopping.Navigate == Passed (1s)
			- url: https://www.advantageonlineshopping.com/#/product/29
[2025-10-08 22:44:41] Advantage Shopping.Sync == Passed (1s)</system-out>
      <system-err><![CDATA[--- Test ErrorText ---
System.NotSupportedException: Specified method is not supported.
   at HP.LFT.SDK.Core.Communication.CommunicationClient.HandleError(Action`2 onError, Int32 status, IDictionary`2 data)
   at HP.LFT.SDK.Core.Communication.CommunicationClient.Send(String messageType, IDictionary`2 data, Action`2 onError)
   at HP.LFT.SDK.UtilityObjectExecuter.ExecuteMethod[TResult](UtilityObjectCommandTypes commandType, String methodName, ITestObject testObject, Object[] arguments)
   at HP.LFT.SDK.Utils.ImageUtils.GetTestObjectTextLocations(ITestObject testObject, String textToFind, Rectangle textArea)
   at HP.LFT.SDK.Core.ClassModel.TestObjectBase.&lt;&gt;c__DisplayClass35_0.&lt;GetTextLocations&gt;b__0()
... (truncated 5 more frame(s))]]></system-err>
    </testcase>
    <testcase name="TestGetVisibleText" classname="ImageTests" time="9">
      <failure message="FTd Failed: 1 failing step(s)">Step: Operation '' failed: HP.LFT.SDK.GeneralReplayException: Unspecified error (Exception from HRESULT: 0x80004005 (E_FAIL))</failure>
      <system-out>=== Steps ===
[2025-10-08 22:44:46] Advantage Shopping.Navigate == Passed (1s)
			- url: https://www.advantageonlineshopping.com
[2025-10-08 22:44:46] Advantage Shopping.Sync == Passed (1s)
[2025-10-08 22:44:51] Advantage Shopping.Sync == Passed (1s)
[2025-10-08 22:44:54] Step == Failed (1s)
			- rect: {X=-1,Y=-1,Width=0,Height=0}</system-out>
      <system-err><![CDATA[--- Test ErrorText ---
Operation 'TestGetVisibleText' failed:HP.LFT.SDK.GeneralReplayException: Unspecified error (Exception from HRESULT: 0x80004005 (E_FAIL))
   at HP.LFT.SDK.Core.ClassModel.TestObjectExecuterBase.HandleReplayError(Int32 errorCode, IDictionary`2 data)
   at HP.LFT.SDK.Core.Communication.CommunicationClient.HandleError(Action`2 onError, Int32 status, IDictionary`2 data)
   at HP.LFT.SDK.Core.Communication.CommunicationClient.Send(String messageType, IDictionary`2 data, Action`2 onError)
   at HP.LFT.SDK.UtilityObjectExecuter.ExecuteMethod[TResult](UtilityObjectCommandTypes commandType, String methodName, ITestObject testObject, Object[] arguments)
   at HP.LFT.SDK.Utils.ImageUtils.GetTestObjectVisibleText(ITestObject testObject, Rectangle textArea)
... (truncated 6 more frame(s))
--- Failed / Error Steps ---
- Step == Failed (1s) @ 2025-10-08 22:44:54
  ErrorText:
    Operation '' failed:HP.LFT.SDK.GeneralReplayException: Unspecified error (Exception from HRESULT: 0x80004005 (E_FAIL))
       at HP.LFT.SDK.Core.ClassModel.TestObjectExecuterBase.HandleReplayError(Int32 errorCode, IDictionary`2 data)
       at HP.LFT.SDK.Core.Communication.CommunicationClient.HandleError(Action`2 onError, Int32 status, IDictionary`2 data)
       at HP.LFT.SDK.Core.Communication.CommunicationClient.Send(String messageType, IDictionary`2 data, Action`2 onError)
       at HP.LFT.SDK.UtilityObjectExecuter.ExecuteMethod[TResult](UtilityObjectCommandTypes commandType, String methodName, ITestObject testObject, Object[] arguments)
       at HP.LFT.SDK.Utils.ImageUtils.GetTestObjectVisibleText(ITestObject testObject, Rectangle textArea)
    ... (truncated 6 more frame(s))]]></system-err>
    </testcase>
    <testcase name="TestLocateImage" classname="ImageTests" time="6">
      <system-out>=== Steps ===
[2025-10-08 22:44:54] Advantage Shopping.Navigate == Passed (1s)
			- url: https://www.advantageonlineshopping.com
[2025-10-08 22:44:54] Advantage Shopping.Sync == Passed (1s)
[2025-10-08 22:45:00] Advantage Shopping.Sync == Passed (1s)</system-out>
    </testcase>
    <testcase name="TestLocateImage2" classname="ImageTests" time="6">
      <system-out>=== Steps ===
[2025-10-08 22:45:00] Advantage Shopping.Navigate == Passed (1s)
			- url: https://www.advantageonlineshopping.com
[2025-10-08 22:45:00] Advantage Shopping.Sync == Passed (1s)
[2025-10-08 22:45:06] Advantage Shopping.Sync == Passed (1s)</system-out>
    </testcase>
    <testcase name="TestLocateText" classname="ImageTests" time="7">
      <failure message="FTd test marked as Failed." />
      <system-out>=== Steps ===
[2025-10-08 22:45:06] Advantage Shopping.Navigate == Passed (1s)
			- url: https://www.advantageonlineshopping.com
[2025-10-08 22:45:06] Advantage Shopping.Sync == Passed (1s)
[2025-10-08 22:45:11] Advantage Shopping.Sync == Passed (1s)</system-out>
      <system-err><![CDATA[--- Test ErrorText ---
System.NotSupportedException: Specified method is not supported.
   at HP.LFT.SDK.Core.Communication.CommunicationClient.HandleError(Action`2 onError, Int32 status, IDictionary`2 data)
   at HP.LFT.SDK.Core.Communication.CommunicationClient.Send(String messageType, IDictionary`2 data, Action`2 onError)
   at HP.LFT.SDK.UtilityObjectExecuter.ExecuteMethod[TResult](UtilityObjectCommandTypes commandType, String methodName, ITestObject testObject, Object[] arguments)
   at HP.LFT.SDK.Utils.ImageUtils.&lt;&gt;c__DisplayClass9_0.&lt;LocateText&gt;b__0()
   at HP.LFT.SDK.Utils.ImageUtils.LocateText(Image image, String textToFind, Rectangle textArea)
... (truncated 4 more frame(s))]]></system-err>
    </testcase>
    <testcase name="TestVerifyImageExists" classname="ImageTests" time="8">
      <system-out>=== Steps ===
[2025-10-08 22:45:12] Advantage Shopping.Navigate == Passed (1s)
			- url: https://www.advantageonlineshopping.com
[2025-10-08 22:45:12] Advantage Shopping.Sync == Passed (1s)</system-out>
    </testcase>
    <testcase name="TestVerifyImageExists2" classname="ImageTests" time="7">
      <system-out>=== Steps ===
[2025-10-08 22:45:20] Advantage Shopping.Navigate == Passed (1s)
[...]
      <failure message="FTd Failed: 1 failing step(s)">[TabControl].isOwnedWindow: Operation '[TabControl].isOwnedWindow' failed: com.hp.lft.sdk.ReplayObjectNotFoundException: Cannot identify the object &amp;quot;WinForms TabControl&amp;quot;. Verify that this object&amp;apos;s properties match an object currently displayed in your application.</failure>
      <system-out>=== Steps ===
[2025-10-13 15:39:46] [TabControl].isOwnedWindow == Failed (32.576s)
[2025-10-13 15:40:19] ResetButton.click == Passed (1.15s)</system-out>
      <system-err><![CDATA[--- Failed / Error Steps ---
- [TabControl].isOwnedWindow == Failed (32.576s) @ 2025-10-13 15:39:46
  ErrorText:
    Operation '[TabControl].isOwnedWindow' failed:com.hp.lft.sdk.ReplayObjectNotFoundException: Cannot identify the object &quot;WinForms TabControl&quot;.
    	at com.hp.lft.sdk.internal.ReplayExceptionFactory$1.create(ReplayExceptionFactory.java:35)
    	at com.hp.lft.sdk.internal.ReplayExceptionFactory.createOrDefault(ReplayExceptionFactory.java:289)
    	at com.hp.lft.sdk.internal.ReplayExceptionFactory.createOrDefault(ReplayExceptionFactory.java:22)
    	at com.hp.lft.sdk.internal.TestObjectExecuterBehaviorBase$ReplayErrorHandler.onError(TestObjectExecuterBehaviorBase.java:65)
    	at com.hp.lft.sdk.internal.CommunicationClientImpl.handleError(CommunicationClientImpl.java:232)
    ... (truncated 58 more frame(s))]]></system-err>
    </testcase>
    <testcase name="testJavatestIsFocused" classname="com.hp.leanft.automation.allMethodsTests.TabControlJavaWinformsMobileSapui5WebWpfTest" time="1.13">
      <system-out>=== Steps ===
[2025-10-13 15:40:20] ResetButton.click == Passed (1.129s)</system-out>
    </testcase>
    <testcase name="testDoubleClickClickArgs" classname="com.hp.leanft.automation.allMethodsTests.TabControlJavaWinformsMobileSapui5WebWpfTest" time="33.266">
      <failure message="FTd Failed: 1 failing step(s)">[TabControl].doubleClick: Operation '[TabControl].doubleClick' failed: com.hp.lft.sdk.ReplayObjectNotFoundException: Cannot identify the object &amp;quot;WinForms TabControl&amp;quot;. Verify that this object&amp;apos;s properties match an object currently displayed in your application.</failure>
      <system-out>=== Steps ===
[2025-10-13 15:40:21] [TabControl].doubleClick == Failed (32.154s)
			- args: location
			- anchor: TOP_LEFT
[2025-10-13 15:40:53] ResetButton.click == Passed (1.111s)</system-out>
      <system-err><![CDATA[--- Failed / Error Steps ---
- [TabControl].doubleClick == Failed (32.154s) @ 2025-10-13 15:40:21
  ErrorText:
    Operation '[TabControl].doubleClick' failed:com.hp.lft.sdk.ReplayObjectNotFoundException: Cannot identify the object &quot;WinForms TabControl&quot;.
    	at com.hp.lft.sdk.internal.ReplayExceptionFactory$1.create(ReplayExceptionFactory.java:35)
    	at com.hp.lft.sdk.internal.ReplayExceptionFactory.createOrDefault(ReplayExceptionFactory.java:289)
    	at com.hp.lft.sdk.internal.ReplayExceptionFactory.createOrDefault(ReplayExceptionFactory.java:22)
    	at com.hp.lft.sdk.internal.TestObjectExecuterBehaviorBase$ReplayErrorHandler.onError(TestObjectExecuterBehaviorBase.java:65)
    	at com.hp.lft.sdk.internal.CommunicationClientImpl.handleError(CommunicationClientImpl.java:232)
    ... (truncated 57 more frame(s))]]></system-err>
    </testcase>
    <testcase name="testGetClassName" classname="com.hp.leanft.automation.allMethodsTests.TabControlJavaWinformsMobileSapui5WebWpfTest" time="1.116">
      <system-out>=== Steps ===
[2025-10-13 15:40:54] ResetButton.click == Passed (1.116s)</system-out>
    </testcase>
    <testcase name="testGetAttribute" classname="com.hp.leanft.automation.allMethodsTests.TabControlJavaWinformsMobileSapui5WebWpfTest" time="1.119">
      <system-out>=== Steps ===
[2025-10-13 15:40:55] ResetButton.click == Passed (1.119s)</system-out>
    </testcase>
    <testcase name="testSendKeysString" classname="com.hp.leanft.automation.allMethodsTests.TabControlJavaWinformsMobileSapui5WebWpfTest" time="40.613">
      <failure message="FTd Failed: 1 failing step(s)">[TabControl].sendKeys: Operation '[TabControl].sendKeys' failed: com.hp.lft.sdk.ReplayObjectNotFoundException: Cannot identify the object &amp;quot;WinForms TabControl&amp;quot;. Verify that this object&amp;apos;s properties match an object currently displayed in your application.</failure>
      <system-out>=== Steps ===
[2025-10-13 15:40:57] Settings_SetFocusCombo.select == Passed (8.057s)
			- item: Focused
[2025-10-13 15:41:05] [TabControl].sendKeys == Failed (31.95s)
			- input: a
			- modifiers: CTRL
[2025-10-13 15:41:37] ResetButton.click == Passed (0.606s)</system-out>
      <system-err><![CDATA[--- Failed / Error Steps ---
- [TabControl].sendKeys == Failed (31.95s) @ 2025-10-13 15:41:05
  ErrorText:
    Operation '[TabControl].sendKeys' failed:com.hp.lft.sdk.ReplayObjectNotFoundException: Cannot identify the object &quot;WinForms TabControl&quot;.
    	at com.hp.lft.sdk.internal.ReplayExceptionFactory$1.create(ReplayExceptionFactory.java:35)
    	at com.hp.lft.sdk.internal.ReplayExceptionFactory.createOrDefault(ReplayExceptionFactory.java:289)
    	at com.hp.lft.sdk.internal.ReplayExceptionFactory.createOrDefault(ReplayExceptionFactory.java:22)
    	at com.hp.lft.sdk.internal.TestObjectExecuterBehaviorBase$ReplayErrorHandler.onError(TestObjectExecuterBehaviorBase.java:65)
    	at com.hp.lft.sdk.internal.CommunicationClientImpl.handleError(CommunicationClientImpl.java:232)
    ... (truncated 57 more frame(s))]]></system-err>
    </testcase>
    <testcase name="testJavaIsEnabled" classname="com.hp.leanft.automation.allMethodsTests.TabControlJavaWinformsMobileSapui5WebWpfTest" time="1.116">
      <system-out>=== Steps ===
[2025-10-13 15:41:37] ResetButton.click == Passed (1.116s)</system-out>
    </testcase>
    <testcase name="testGetHandle" classname="com.hp.leanft.automation.allMethodsTests.TabControlJavaWinformsMobileSapui5WebWpfTest" time="33.434">
      <failure message="FTd test marked as Failed." />
      <system-out>=== Steps ===
[2025-10-13 15:42:11] ResetButton.click == Passed (1.134s)</system-out>
    </testcase>
    <testcase name="testWpfGetObjectName" classname="com.hp.leanft.automation.allMethodsTests.TabControlJavaWinformsMobileSapui5WebWpfTest" time="1.133">
      <system-out>=== Steps ===
[2025-10-13 15:42:12] ResetButton.click == Passed (1.133s)</system-out>
    </testcase>
    <testcase name="testMobileLongPressLongPressArgs" classname="com.hp.leanft.automation.allMethodsTests.TabControlJavaWinformsMobileSapui5WebWpfTest" time="1.117">
      <system-out>=== Steps ===
[2025-10-13 15:42:13] ResetButton.click == Passed (1.117s)</system-out>
    </testcase>
    <testcase name="testMouseMove" classname="com.hp.leanft.automation.allMethodsTests.TabControlJavaWinformsMobileSapui5WebWpfTest" time="33.25">
      <failure message="FTd test marked as Failed." />
      <system-out>=== Steps ===
[2025-10-13 15:42:46] ResetButton.click == Passed (1.131s)</system-out>
    </testcase>
    <testcase name="testWpfGetFullType" classname="com.hp.leanft.automation.allMethodsTests.TabControlJavaWinformsMobileSapui5WebWpfTest" time="1.116">
      <system-out>=== Steps ===
[2025-10-13 15:42:47] ResetButton.click == Passed (1.115s)</system-out>
    </testcase>
    <testcase name="testMobileLongPress" classname="com.hp.leanft.automation.allMethodsTests.TabControlJavaWinformsMobileSapui5WebWpfTest" time="1.133">
      <system-out>=== Steps ===
[2025-10-13 15:42:48] ResetButton.click == Passed (1.132s)</system-out>
    </testcase>
    <testcase name="testMobileTap" classname="com.hp.leanft.automation.allMethodsTests.TabControlJavaWinformsMobileSapui5WebWpfTest" time="1.117">
      <system-out>=== Steps ===
[2025-10-13 15:42:49] ResetButton.click == Passed (1.117s)</system-out>
    </testcase>
    <testcase name="testExists" classname="com.hp.leanft.automation.allMethodsTests.TabControlJavaWinformsMobileSapui5WebWpfTest" time="32.632">
      <failure message="FTd test marked as Failed." />
      <system-out>=== Steps ===
[2025-10-13 15:43:06] COMPONENTS.click == Passed (0.653s)
[2025-10-13 15:43:23] ResetButton.click == Passed (0.582s)</system-out>
    </testcase>
    <testcase name="testGetWindowTitleRegExp" classname="com.hp.leanft.automation.allMethodsTests.TabControlJavaWinformsMobileSapui5WebWpfTest" time="32.883">
      <failure message="FTd test marked as Failed." />
      <system-out>=== Steps ===
[2025-10-13 15:43:55] ResetButton.click == Passed (1.12s)</system-out>
    </testcase>
    <testcase name="testGetParent" classname="com.hp.leanft.automation.allMethodsTests.TabControlJavaWinformsMobileSapui5WebWpfTest" time="1.116">
      <system-out>=== Steps ===
[2025-10-13 15:43:56] ResetButton.click == Passed (1.116s)</system-out>
    </testcase>
    <testcase name="testMobilePanLocationLocation" classname="com.hp.leanft.automation.allMethodsTests.TabControlJavaWinformsMobileSapui5WebWpfTest" time="1.117">
      <system-out>=== Steps ===
[2025-10-13 15:43:57] ResetButton.click == Passed (1.117s)</system-out>
    </testcase>
    <testcase name="testJavaGetForegroundColor" classname="com.hp.leanft.automation.allMethodsTests.TabControlJavaWinformsMobileSapui5WebWpfTest" time="1.118">
      <system-out>=== Steps ===
[2025-10-13 15:43:58] ResetButton.click == Passed (1.118s)</system-out>
    </testcase>
    <testcase name="testMobileIsFocusable" classname="com.hp.leanft.automation.allMethodsTests.TabControlJavaWinformsMobileSapui5WebWpfTest" time="1.148">
      <system-out>=== Steps ===
[2025-10-13 15:43:59] ResetButton.click == Passed (1.148s)</system-out>
    </testcase>
    <testcase name="testSetDate" classname="com.hp.leanft.automation.allMethodsTests.TabControlJavaWinformsMobileSapui5WebWpfTest" time="1.116">
      <system-out>=== Steps ===
[2025-10-13 15:44:01] ResetButton.click == Passed (1.116s)</system-out>
    </testcase>
    <testcase name="testSetTime" classname="com.hp.leanft.automation.allMethodsTests.TabControlJavaWinformsMobileSapui5WebWpfTest" time="1.118">
      <system-out>=== Steps ===
[2025-10-13 15:44:02] ResetButton.click == Passed (1.118s)</system-out>
    </testcase>
    <testcase name="testGetSnapshot" classname="com.hp.leanft.automation.allMethodsTests.TabControlJavaWinformsMobileSapui5WebWpfTest" time="33.199">
      <failure message="FTd test marked as Failed." />
      <system-out>=== Steps ===
[2025-10-13 15:44:35] ResetButton.click == Passed (1.137s)</system-out>
    </testcase>
    <testcase name="testWaitUntillIsVisible" classname="com.hp.leanft.automation.allMethodsTests.TabControlJavaWinformsMobileSapui5WebWpfTest" time="3.101">
      <failure message="FTd test marked as Failed." />
      <system-out>=== Steps ===
[2025-10-13 15:44:36] Settings_SetVisibleCombo.select == Passed (2.25s)
			- item: Invisible
[2025-10-13 15:44:39] ResetButton.click == Passed (0.584s)</system-out>
    </testcase>
    <testcase name="testSetDateRangeDateRange" classname="com.hp.leanft.automation.allMethodsTests.TabControlJavaWinformsMobileSapui5WebWpfTest" time="1.113">
      <system-out>=== Steps ===
[2025-10-13 15:44:39] ResetButton.click == Passed (1.113s)</system-out>
    </testcase>
    <testcase name="testMobileGetSize" classname="com.hp.leanft.automation.allMethodsTests.TabControlJavaWinformsMobileSapui5WebWpfTest" time="1.118">
      <system-out>=== Steps ===
[2025-10-13 15:44:40] ResetButton.click == Passed (1.118s)</system-out>
    </testcase>
    <testcase name="testJavaWaitUntilVisible" classname="com.hp.leanft.automation.allMethodsTests.TabControlJavaWinformsMobileSapui5WebWpfTest" time="1.115">
      <system-out>=== Steps ===
[2025-10-13 15:44:41] ResetButton.click == Passed (1.114s)</system-out>
    </testcase>
    <testcase name="testShowContextMenu" classname="com.hp.leanft.automation.allMethodsTests.TabControlJavaWinformsMobileSapui5WebWpfTest" time="1.114">
      <system-out>=== Steps ===
[2025-10-13 15:44:42] ResetButton.click == Passed (1.114s)</system-out>
    </testcase>
    <testcase name="testIsReadOnly" classname="com.hp.leanft.automation.allMethodsTests.TabControlJavaWinformsMobileSapui5WebWpfTest" time="1.117">
      <system-out>=== Steps ===
[2025-10-13 15:44:44] ResetButton.click == Passed (1.117s)</system-out>
    </testcase>
    <testcase name="testWpfGetFullNamePath" classname="com.hp.leanft.automation.allMethodsTests.TabControlJavaWinformsMobileSapui5WebWpfTest" time="1.118">
      <system-out>=== Steps ===
[2025-10-13 15:44:45] ResetButton.click == Passed (1.118s)</system-out>
    </testcase>
    <testcase name="testSendKeysStringEnumSetOfKeyModifier" classname="com.hp.leanft.automation.allMethodsTests.TabControlJavaWinformsMobileSapui5WebWpfTest" time="1.097">
      <system-out>=== Steps ===
[2025-10-13 15:44:46] ResetButton.click == Passed (1.097s)</system-out>
    </testcase>
    <testcase name="testClickMouseButton" classname="com.hp.leanft.automation.allMethodsTests.TabControlJavaWinformsMobileSapui5WebWpfTest" time="33.234">
      <failure message="FTd Failed: 1 failing step(s)">[TabControl].click: Operation '[TabControl].click' failed: com.hp.lft.sdk.ReplayObjectNotFoundException: Cannot identify the object &amp;quot;WinForms TabControl&amp;quot;. Verify that this object&amp;apos;s properties match an object currently displayed in your application.</failure>
      <system-out>=== Steps ===
[2025-10-13 15:44:47] [TabControl].click == Failed (32.125s)
			- button: LEFT
[2025-10-13 15:45:19] ResetButton.click == Passed (1.108s)</system-out>
      <system-err><![CDATA[--- Failed / Error Steps ---
- [TabControl].click == Failed (32.125s) @ 2025-10-13 15:44:47
  ErrorText:
    Operation '[TabControl].click' failed:com.hp.lft.sdk.ReplayObjectNotFoundException: Cannot identify the object &quot;WinForms TabControl&quot;.
    	at com.hp.lft.sdk.internal.ReplayExceptionFactory$1.create(ReplayExceptionFactory.java:35)
    	at com.hp.lft.sdk.internal.ReplayExceptionFactory.createOrDefault(ReplayExceptionFactory.java:289)
    	at com.hp.lft.sdk.internal.ReplayExceptionFactory.createOrDefault(ReplayExceptionFactory.java:22)
    	at com.hp.lft.sdk.internal.TestObjectExecuterBehaviorBase$ReplayErrorHandler.onError(TestObjectExecuterBehaviorBase.java:65)
    	at com.hp.lft.sdk.internal.CommunicationClientImpl.handleError(CommunicationClientImpl.java:232)
    ... (truncated 57 more frame(s))]]></system-err>
    </testcase>
    <testcase name="testDoubleClick" classname="com.hp.leanft.automation.allMethodsTests.TabControlJavaWinformsMobileSapui5WebWpfTest" time="1.1">
      <system-out>=== Steps ===
[2025-10-13 15:45:20] ResetButton.click == Passed (1.1s)</system-out>
    </testcase>
    <testcase name="testGetAttributes" classname="com.hp.leanft.automation.allMethodsTests.TabControlJavaWinformsMobileSapui5WebWpfTest" time="1.099">
      <system-out>=== Steps ===
[2025-10-13 15:45:21] ResetButton.click == Passed (1.099s)</system-out>
    </testcase>
    <testcase name="testWebFireEvent" classname="com.hp.leanft.automation.allMethodsTests.TabControlJavaWinformsMobileSapui5WebWpfTest" time="1.102">
      <system-out>=== Steps ===
[2025-10-13 15:45:22] ResetButton.click == Passed (1.102s)</system-out>
    </testcase>
    <testcase name="testGetMaxCharsInLine" classname="com.hp.leanft.automation.allMethodsTests.TabControlJavaWinformsMobileSapui5WebWpfTest" time="1.115">
      <system-out>=== Steps ===
[2025-10-13 15:45:23] ResetButton.click == Passed (1.115s)</system-out>
    </testcase>
  </testsuite>
  <testsuite name="com.company.APITest" tests="1" failures="1" errors="0" skipped="0" time="11.784" package="com.company" id="22" hostname="DESKTOP-36IMHQI" timestamp="2025-10-14T12:38:26">
    <properties>
      <property name="os" value="Windows 11 Enterprise 23H2 (x64)" />
      <property name="user" value="desktop-36imhqi\razvan" />
      <property name="toolVersion" value="25.4" />
      <property name="sourceFile" value="runresults.xml" />
    </properties>
    <testcase name="test" classname="com.company.APITest" time="11.373">
      <failure message="FTd Failed: 1 failing step(s)">UFTAPITestRunner.Run: Failed</failure>
      <system-out>=== Steps ===
[2025-10-14 12:38:27] UFTAPITestRunner.Run == Failed (0s)
			- arg0: C:\API\API_WithParam
			- arg1: SecondParam
			- FirstParam: c</system-out>
    </testcase>
  </testsuite>
  <testsuite name="com.company.APITest" tests="1" failures="1" errors="0" skipped="0" time="20.398" package="com.company" id="23" hostname="DESKTOP-36IMHQI" timestamp="2025-10-14T11:32:20">
    <properties>
      <property name="os" value="Windows 11 Enterprise 23H2 (x64)" />
      <property name="user" value="desktop-36imhqi\razvan" />
      <property name="toolVersion" value="25.4" />
      <property name="sourceFile" value="runresultsAPITest1.xml" />
    </properties>
    <testcase name="test" classname="com.company.APITest" time="19.756">
      <failure message="FTd Failed: 1 failing step(s)">UFTAPITestRunner.Run: Failed</failure>
      <system-out>=== Steps ===
[2025-10-14 11:32:21] UFTAPITestRunner.Run == Failed (0s)
			- arg0: C:\API\APITest1</system-out>
    </testcase>
  </testsuite>
  <testsuite name="com.company.APITest" tests="1" failures="1" errors="0" skipped="0" time="22.942" package="com.company" id="24" hostname="DESKTOP-36IMHQI" timestamp="2025-10-14T11:36:45">
    <properties>
      <property name="os" value="Windows 11 Enterprise 23H2 (x64)" />
      <property name="user" value="desktop-36imhqi\razvan" />
      <property name="toolVersion" value="25.4" />
      <property name="sourceFile" value="runresultsAPITestGetFlights.xml" />
    </properties>
    <testcase name="test" classname="com.company.APITest" time="22.412">
      <failure message="FTd Failed: 1 failing step(s)">UFTAPITestRunner.Run: Failed</failure>
      <system-out>=== Steps ===
[2025-10-14 11:36:45] UFTAPITestRunner.Run == Failed (0s)
			- arg0: C:\API\APITestGetFlights</system-out>
    </testcase>
  </testsuite>
  <testsuite name="com.company.APITest" tests="1" failures="1" errors="0" skipped="0" time="21.263" package="com.company" id="25" hostname="DESKTOP-36IMHQI" timestamp="2025-10-14T12:20:06">
    <properties>
      <property name="os" value="Windows 11 Enterprise 23H2 (x64)" />
      <property name="user" value="desktop-36imhqi\razvan" />
      <property name="toolVersion" value="25.4" />
      <property name="sourceFile" value="runresultsAPI_REST.xml" />
    </properties>
    <testcase name="test" classname="com.company.APITest" time="20.829">
      <failure message="FTd Failed: 1 failing step(s)">UFTAPITestRunner.Run: Failed</failure>
      <system-out>=== Steps ===
[2025-10-14 12:20:06] UFTAPITestRunner.Run == Failed (0s)
			- arg0: C:\API\FlightAPI_REST\FlightAPI_REST</system-out>
    </testcase>
  </testsuite>
  <testsuite name="com.company.APITest" tests="1" failures="1" errors="0" skipped="0" time="17.498" package="com.company" id="26" hostname="DESKTOP-36IMHQI" timestamp="2025-10-14T12:33:31">
    <properties>
      <property name="os" value="Windows 11 Enterprise 23H2 (x64)" />
      <property name="user" value="desktop-36imhqi\razvan" />
      <property name="toolVersion" value="25.4" />
      <property name="sourceFile" value="runresultsWithParams.xml" />
    </properties>
    <testcase name="test" classname="com.company.APITest" time="17.049">
      <failure message="FTd Failed: 1 failing step(s)">UFTAPITestRunner.Run: Failed</failure>
      <system-out>=== Steps ===
[2025-10-14 12:33:32] UFTAPITestRunner.Run == Failed (0s)
			- arg0: C:\API\API_WithParam</system-out>
    </testcase>
  </testsuite>
</testsuites>